#
# There is insufficient memory for the Java Runtime Environment to continue.
# Native memory allocation (malloc) failed to allocate 2097152 bytes for AllocateHeap
# Possible reasons:
#   The system is out of physical RAM or swap space
#   The process is running with CompressedOops enabled, and the Java Heap may be blocking the growth of the native heap
# Possible solutions:
#   Reduce memory load on the system
#   Increase physical memory or swap space
#   Check if swap backing store is full
#   Decrease Java heap size (-Xmx/-Xms)
#   Decrease number of Java threads
#   Decrease Java thread stack sizes (-Xss)
#   Set larger code cache with -XX:ReservedCodeCacheSize=
#   JVM is running with Unscaled Compressed Oops mode in which the Java heap is
#     placed in the first 4GB address space. The Java Heap base address is the
#     maximum limit for the native heap growth. Please use -XX:HeapBaseMinAddress
#     to set the Java Heap base and to place the Java Heap above 4GB virtual address.
# This output file may be truncated or incomplete.
#
#  Out of Memory Error (allocation.cpp:44), pid=21448, tid=12304
#
# JRE version: OpenJDK Runtime Environment Temurin-17.0.8.1+1 (17.0.8.1+1) (build 17.0.8.1+1)
# Java VM: OpenJDK 64-Bit Server VM Temurin-17.0.8.1+1 (17.0.8.1+1, mixed mode, emulated-client, tiered, compressed oops, compressed class ptrs, g1 gc, windows-amd64)
# No core dump will be written. Minidumps are not enabled by default on client versions of Windows
#

---------------  S U M M A R Y ------------

Command Line: -XX:+HeapDumpOnOutOfMemoryError -Xmx1024m -Dsts.lsp.client=vscode -Dsts.log.file=/dev/null -XX:TieredStopAtLevel=1 -Xlog:jni+resolve=off -Dspring.config.location=file:c:\Users\benhi\.vscode\extensions\vmware.vscode-spring-boot-1.50.0\language-server\BOOT-INF\classes\application.properties org.springframework.ide.vscode.boot.app.BootLanguageServerBootApp

Host: AMD Ryzen 5 3550H with Radeon Vega Mobile Gfx  , 8 cores, 5G,  Windows 10 , 64 bit Build 19041 (10.0.19041.3570)
Time: Sun Nov 12 23:10:42 2023 Morocco Daylight Time elapsed time: 27702.686165 seconds (0d 7h 41m 42s)

---------------  T H R E A D  ---------------

Current thread (0x0000028a7d24c0f0):  VMThread "VM Thread" [stack: 0x00000097ba700000,0x00000097ba800000] [id=12304]

Stack: [0x00000097ba700000,0x00000097ba800000]
Native frames: (J=compiled Java code, j=interpreted, Vv=VM code, C=native code)
V  [jvm.dll+0x678b0a]
V  [jvm.dll+0x835e84]
V  [jvm.dll+0x83762e]
V  [jvm.dll+0x837c93]
V  [jvm.dll+0x24746f]
V  [jvm.dll+0xa697b]
V  [jvm.dll+0x2f7f41]
V  [jvm.dll+0x2f3b80]
V  [jvm.dll+0x2dc1c7]
V  [jvm.dll+0x31f227]
V  [jvm.dll+0x83c15b]
V  [jvm.dll+0x83ce94]
V  [jvm.dll+0x83d3ac]
V  [jvm.dll+0x83d784]
V  [jvm.dll+0x83d850]
V  [jvm.dll+0x7e64ca]
V  [jvm.dll+0x677955]
C  [ucrtbase.dll+0x21bb2]
C  [KERNEL32.DLL+0x17344]
C  [ntdll.dll+0x526b1]

VM_Operation (0x00000097bbffef80): G1CollectFull, mode: safepoint, requested by thread 0x0000028a7ebace30


---------------  P R O C E S S  ---------------

Threads class SMR info:
_java_thread_list=0x0000028a0bf74ff0, length=27, elements={
0x0000028a7d261740, 0x0000028a7d262ca0, 0x0000028a7d28aa20, 0x0000028a7d28c6b0,
0x0000028a7d28e480, 0x0000028a7d28fd60, 0x0000028a7d290630, 0x0000028a7d292f50,
0x0000028a7d5b54f0, 0x0000028a7d5c5c00, 0x0000028a7eb3a450, 0x0000028a7ebace30,
0x0000028a7ebad310, 0x0000028a72459130, 0x0000028a7e948050, 0x0000028a7ec80820,
0x0000028a7ea81a80, 0x0000028a7ea824a0, 0x0000028a7ea84300, 0x0000028a7ea829b0,
0x0000028a7ea82ec0, 0x0000028a7ea84810, 0x0000028a7ea81f90, 0x0000028a7ea81060,
0x0000028a0be18390, 0x0000028a0be1ac10, 0x0000028a0be188a0
}

Java Threads: ( => current thread )
  0x0000028a7d261740 JavaThread "Reference Handler" daemon [_thread_blocked, id=14744, stack(0x00000097ba800000,0x00000097ba900000)]
  0x0000028a7d262ca0 JavaThread "Finalizer" daemon [_thread_blocked, id=26764, stack(0x00000097ba900000,0x00000097baa00000)]
  0x0000028a7d28aa20 JavaThread "Signal Dispatcher" daemon [_thread_blocked, id=19684, stack(0x00000097baa00000,0x00000097bab00000)]
  0x0000028a7d28c6b0 JavaThread "Attach Listener" daemon [_thread_blocked, id=27464, stack(0x00000097bab00000,0x00000097bac00000)]
  0x0000028a7d28e480 JavaThread "Service Thread" daemon [_thread_blocked, id=27808, stack(0x00000097bac00000,0x00000097bad00000)]
  0x0000028a7d28fd60 JavaThread "Monitor Deflation Thread" daemon [_thread_blocked, id=17812, stack(0x00000097bad00000,0x00000097bae00000)]
  0x0000028a7d290630 JavaThread "C1 CompilerThread0" daemon [_thread_blocked, id=18352, stack(0x00000097bae00000,0x00000097baf00000)]
  0x0000028a7d292f50 JavaThread "Sweeper thread" daemon [_thread_blocked, id=20728, stack(0x00000097baf00000,0x00000097bb000000)]
  0x0000028a7d5b54f0 JavaThread "Notification Thread" daemon [_thread_blocked, id=10208, stack(0x00000097bb100000,0x00000097bb200000)]
  0x0000028a7d5c5c00 JavaThread "Common-Cleaner" daemon [_thread_blocked, id=11504, stack(0x00000097bb300000,0x00000097bb400000)]
  0x0000028a7eb3a450 JavaThread "boundedElastic-evictor-1" daemon [_thread_blocked, id=20664, stack(0x00000097bba00000,0x00000097bbb00000)]
  0x0000028a7ebace30 JavaThread "pool-11-thread-1" [_thread_blocked, id=15952, stack(0x00000097bbf00000,0x00000097bc000000)]
  0x0000028a7ebad310 JavaThread "LanguageServerApp-lifecycle" [_thread_blocked, id=23592, stack(0x00000097bc000000,0x00000097bc100000)]
  0x0000028a72459130 JavaThread "DestroyJavaVM" [_thread_blocked, id=2252, stack(0x00000097ba100000,0x00000097ba200000)]
  0x0000028a7e948050 JavaThread "pool-12-thread-1" [_thread_in_native, id=13348, stack(0x00000097bc100000,0x00000097bc200000)]
  0x0000028a7ec80820 JavaThread "Simple-Language-Server main thread" daemon [_thread_blocked, id=6496, stack(0x00000097bc200000,0x00000097bc300000)]
  0x0000028a7ea81a80 JavaThread "parallel-1" daemon [_thread_blocked, id=1172, stack(0x00000097bc600000,0x00000097bc700000)]
  0x0000028a7ea824a0 JavaThread "pool-5-thread-1" [_thread_blocked, id=27772, stack(0x00000097bc700000,0x00000097bc800000)]
  0x0000028a7ea84300 JavaThread "parallel-2" daemon [_thread_blocked, id=23324, stack(0x00000097bc800000,0x00000097bc900000)]
  0x0000028a7ea829b0 JavaThread "pool-7-thread-1" [_thread_blocked, id=24024, stack(0x00000097b9e00000,0x00000097b9f00000)]
  0x0000028a7ea82ec0 JavaThread "parallel-3" daemon [_thread_blocked, id=22028, stack(0x00000097b9f00000,0x00000097ba000000)]
  0x0000028a7ea84810 JavaThread "Reconciler-1" daemon [_thread_blocked, id=14708, stack(0x00000097bbb00000,0x00000097bbc00000)]
  0x0000028a7ea81f90 JavaThread "parallel-4" daemon [_thread_blocked, id=3620, stack(0x00000097bc300000,0x00000097bc400000)]
  0x0000028a7ea81060 JavaThread "parallel-5" daemon [_thread_blocked, id=14668, stack(0x00000097bc400000,0x00000097bc500000)]
  0x0000028a0be18390 JavaThread "parallel-6" daemon [_thread_blocked, id=26168, stack(0x00000097bc500000,0x00000097bc600000)]
  0x0000028a0be1ac10 JavaThread "parallel-7" daemon [_thread_blocked, id=24468, stack(0x00000097bc900000,0x00000097bca00000)]
  0x0000028a0be188a0 JavaThread "parallel-8" daemon [_thread_blocked, id=15436, stack(0x00000097bca00000,0x00000097bcb00000)]

Other Threads:
=>0x0000028a7d24c0f0 VMThread "VM Thread" [stack: 0x00000097ba700000,0x00000097ba800000] [id=12304]
  0x0000028a7d5b59d0 WatcherThread [stack: 0x00000097bb200000,0x00000097bb300000] [id=22800]
  0x0000028a72496130 GCTaskThread "GC Thread#0" [stack: 0x00000097ba200000,0x00000097ba300000] [id=24192]
  0x0000028a7d528690 GCTaskThread "GC Thread#1" [stack: 0x00000097bb400000,0x00000097bb500000] [id=28160]
  0x0000028a7d8e9250 GCTaskThread "GC Thread#2" [stack: 0x00000097bb500000,0x00000097bb600000] [id=16080]
  0x0000028a7d478890 GCTaskThread "GC Thread#3" [stack: 0x00000097bb600000,0x00000097bb700000] [id=27784]
  0x0000028a7e3831c0 GCTaskThread "GC Thread#4" [stack: 0x00000097bb700000,0x00000097bb800000] [id=1872]
  0x0000028a7e3c5560 GCTaskThread "GC Thread#5" [stack: 0x00000097bb800000,0x00000097bb900000] [id=11484]
  0x0000028a7e3c6240 GCTaskThread "GC Thread#6" [stack: 0x00000097bb900000,0x00000097bba00000] [id=16024]
  0x0000028a7e662f90 GCTaskThread "GC Thread#7" [stack: 0x00000097bbd00000,0x00000097bbe00000] [id=3348]
  0x0000028a7249f150 ConcurrentGCThread "G1 Main Marker" [stack: 0x00000097ba300000,0x00000097ba400000] [id=16868]
  0x0000028a724a0300 ConcurrentGCThread "G1 Conc#0" [stack: 0x00000097ba400000,0x00000097ba500000] [id=11608]
  0x0000028a7e65aa40 ConcurrentGCThread "G1 Conc#1" [stack: 0x00000097bbe00000,0x00000097bbf00000] [id=27332]
  0x0000028a725084e0 ConcurrentGCThread "G1 Refine#0" [stack: 0x00000097ba500000,0x00000097ba600000] [id=17424]
  0x0000028a7d0c01f0 ConcurrentGCThread "G1 Service" [stack: 0x00000097ba600000,0x00000097ba700000] [id=3884]

Threads with active compile tasks:

VM state: at safepoint (normal execution)

VM Mutex/Monitor currently owned by a thread:  ([mutex/lock_event])
[0x0000028a72455130] Threads_lock - owner thread: 0x0000028a7d24c0f0
[0x0000028a72455400] Heap_lock - owner thread: 0x0000028a7ebace30

Heap address: 0x00000000c0000000, size: 1024 MB, Compressed Oops mode: 32-bit

CDS archive(s) not mapped
Compressed class space mapped at: 0x0000000100000000-0x0000000140000000, reserved size: 1073741824
Narrow klass base: 0x0000000000000000, Narrow klass shift: 3, Narrow klass range: 0x140000000

GC Precious Log:
 CPUs: 8 total, 8 available
 Memory: 6021M
 Large Page Support: Disabled
 NUMA Support: Disabled
 Compressed Oops: Enabled (32-bit)
 Heap Region Size: 1M
 Heap Min Capacity: 8M
 Heap Initial Capacity: 96M
 Heap Max Capacity: 1G
 Pre-touch: Disabled
 Parallel Workers: 8
 Concurrent Workers: 2
 Concurrent Refinement Workers: 8
 Periodic GC: Disabled

Heap:
 garbage-first heap   total 81920K, used 31187K [0x00000000c0000000, 0x0000000100000000)
  region size 1024K, 1 young (1024K), 0 survivors (0K)
 Metaspace       used 60000K, committed 60416K, reserved 1114112K
  class space    used 7495K, committed 7680K, reserved 1048576K

Heap Regions: E=young(eden), S=young(survivor), O=old, HS=humongous(starts), HC=humongous(continues), CS=collection set, F=free, OA=open archive, CA=closed archive, TAMS=top-at-mark-start (previous, next)
|   0|0x00000000c0000000, 0x00000000c0100000, 0x00000000c0100000|100%| O|  |TAMS 0x00000000c0100000, 0x00000000c0000000| Untracked 
|   1|0x00000000c0100000, 0x00000000c0200000, 0x00000000c0200000|100%| O|  |TAMS 0x00000000c0200000, 0x00000000c0100000| Untracked 
|   2|0x00000000c0200000, 0x00000000c02fe800, 0x00000000c0300000| 99%| O|  |TAMS 0x00000000c02fe800, 0x00000000c0200000| Untracked 
|   3|0x00000000c0300000, 0x00000000c0400000, 0x00000000c0400000|100%| O|  |TAMS 0x00000000c0400000, 0x00000000c0300000| Untracked 
|   4|0x00000000c0400000, 0x00000000c0500000, 0x00000000c0500000|100%| O|  |TAMS 0x00000000c0500000, 0x00000000c0400000| Untracked 
|   5|0x00000000c0500000, 0x00000000c0600000, 0x00000000c0600000|100%| O|  |TAMS 0x00000000c0600000, 0x00000000c0500000| Untracked 
|   6|0x00000000c0600000, 0x00000000c0700000, 0x00000000c0700000|100%| O|  |TAMS 0x00000000c0700000, 0x00000000c0600000| Untracked 
|   7|0x00000000c0700000, 0x00000000c0800000, 0x00000000c0800000|100%| O|  |TAMS 0x00000000c0800000, 0x00000000c0700000| Untracked 
|   8|0x00000000c0800000, 0x00000000c08ffc68, 0x00000000c0900000| 99%| O|  |TAMS 0x00000000c08ffc68, 0x00000000c0800000| Untracked 
|   9|0x00000000c0900000, 0x00000000c0a00000, 0x00000000c0a00000|100%| O|  |TAMS 0x00000000c0a00000, 0x00000000c0900000| Untracked 
|  10|0x00000000c0a00000, 0x00000000c0affff8, 0x00000000c0b00000| 99%| O|  |TAMS 0x00000000c0affff8, 0x00000000c0a00000| Untracked 
|  11|0x00000000c0b00000, 0x00000000c0c00000, 0x00000000c0c00000|100%| O|  |TAMS 0x00000000c0c00000, 0x00000000c0b00000| Untracked 
|  12|0x00000000c0c00000, 0x00000000c0cffff0, 0x00000000c0d00000| 99%| O|  |TAMS 0x00000000c0cffff0, 0x00000000c0c00000| Untracked 
|  13|0x00000000c0d00000, 0x00000000c0e00000, 0x00000000c0e00000|100%| O|  |TAMS 0x00000000c0e00000, 0x00000000c0d00000| Untracked 
|  14|0x00000000c0e00000, 0x00000000c0efffe0, 0x00000000c0f00000| 99%| O|  |TAMS 0x00000000c0efffe0, 0x00000000c0e00000| Untracked 
|  15|0x00000000c0f00000, 0x00000000c0ffffe8, 0x00000000c1000000| 99%| O|  |TAMS 0x00000000c0ffffe8, 0x00000000c0f00000| Untracked 
|  16|0x00000000c1000000, 0x00000000c10fffe8, 0x00000000c1100000| 99%| O|  |TAMS 0x00000000c10fffe8, 0x00000000c1000000| Untracked 
|  17|0x00000000c1100000, 0x00000000c11fed10, 0x00000000c1200000| 99%| O|  |TAMS 0x00000000c11fed10, 0x00000000c1100000| Untracked 
|  18|0x00000000c1200000, 0x00000000c12fef08, 0x00000000c1300000| 99%| O|  |TAMS 0x00000000c12fef08, 0x00000000c1200000| Untracked 
|  19|0x00000000c1300000, 0x00000000c13ffff0, 0x00000000c1400000| 99%| O|  |TAMS 0x00000000c13ffff0, 0x00000000c1300000| Untracked 
|  20|0x00000000c1400000, 0x00000000c14fffc0, 0x00000000c1500000| 99%| O|  |TAMS 0x00000000c14fffc0, 0x00000000c1400000| Untracked 
|  21|0x00000000c1500000, 0x00000000c15fff50, 0x00000000c1600000| 99%| O|  |TAMS 0x00000000c15fff50, 0x00000000c1500000| Untracked 
|  22|0x00000000c1600000, 0x00000000c16fffe0, 0x00000000c1700000| 99%| O|  |TAMS 0x00000000c16fffe0, 0x00000000c1600000| Untracked 
|  23|0x00000000c1700000, 0x00000000c17fff48, 0x00000000c1800000| 99%| O|  |TAMS 0x00000000c17fff48, 0x00000000c1700000| Untracked 
|  24|0x00000000c1800000, 0x00000000c18fcbf8, 0x00000000c1900000| 98%| O|  |TAMS 0x00000000c18fcbf8, 0x00000000c1800000| Untracked 
|  25|0x00000000c1900000, 0x00000000c1a00000, 0x00000000c1a00000|100%|HS|  |TAMS 0x00000000c1a00000, 0x00000000c1900000| Untracked 
|  26|0x00000000c1a00000, 0x00000000c1a7c530, 0x00000000c1b00000| 48%| O|  |TAMS 0x00000000c1a00000, 0x00000000c1a00000| Untracked 
|  27|0x00000000c1b00000, 0x00000000c1c00000, 0x00000000c1c00000|100%| O|  |TAMS 0x00000000c1c00000, 0x00000000c1b00000| Untracked 
|  28|0x00000000c1c00000, 0x00000000c1c00000, 0x00000000c1d00000|  0%| F|  |TAMS 0x00000000c1c00000, 0x00000000c1c00000| Untracked 
|  29|0x00000000c1d00000, 0x00000000c1d00000, 0x00000000c1e00000|  0%| F|  |TAMS 0x00000000c1d00000, 0x00000000c1d00000| Untracked 
|  30|0x00000000c1e00000, 0x00000000c1e00000, 0x00000000c1f00000|  0%| F|  |TAMS 0x00000000c1e00000, 0x00000000c1e00000| Untracked 
|  31|0x00000000c1f00000, 0x00000000c1f00000, 0x00000000c2000000|  0%| F|  |TAMS 0x00000000c1f00000, 0x00000000c1f00000| Untracked 
|  32|0x00000000c2000000, 0x00000000c2000000, 0x00000000c2100000|  0%| F|  |TAMS 0x00000000c2000000, 0x00000000c2000000| Untracked 
|  33|0x00000000c2100000, 0x00000000c2100000, 0x00000000c2200000|  0%| F|  |TAMS 0x00000000c2100000, 0x00000000c2100000| Untracked 
|  34|0x00000000c2200000, 0x00000000c2200000, 0x00000000c2300000|  0%| F|  |TAMS 0x00000000c2200000, 0x00000000c2200000| Untracked 
|  35|0x00000000c2300000, 0x00000000c2300000, 0x00000000c2400000|  0%| F|  |TAMS 0x00000000c2300000, 0x00000000c2300000| Untracked 
|  36|0x00000000c2400000, 0x00000000c2400000, 0x00000000c2500000|  0%| F|  |TAMS 0x00000000c2400000, 0x00000000c2400000| Untracked 
|  37|0x00000000c2500000, 0x00000000c2500000, 0x00000000c2600000|  0%| F|  |TAMS 0x00000000c2500000, 0x00000000c2500000| Untracked 
|  38|0x00000000c2600000, 0x00000000c2600000, 0x00000000c2700000|  0%| F|  |TAMS 0x00000000c2600000, 0x00000000c2600000| Untracked 
|  39|0x00000000c2700000, 0x00000000c2700000, 0x00000000c2800000|  0%| F|  |TAMS 0x00000000c2700000, 0x00000000c2700000| Untracked 
|  40|0x00000000c2800000, 0x00000000c2800000, 0x00000000c2900000|  0%| F|  |TAMS 0x00000000c2800000, 0x00000000c2800000| Untracked 
|  41|0x00000000c2900000, 0x00000000c2900000, 0x00000000c2a00000|  0%| F|  |TAMS 0x00000000c2900000, 0x00000000c2900000| Untracked 
|  42|0x00000000c2a00000, 0x00000000c2a00000, 0x00000000c2b00000|  0%| F|  |TAMS 0x00000000c2a00000, 0x00000000c2a00000| Untracked 
|  43|0x00000000c2b00000, 0x00000000c2b00000, 0x00000000c2c00000|  0%| F|  |TAMS 0x00000000c2b00000, 0x00000000c2b00000| Untracked 
|  44|0x00000000c2c00000, 0x00000000c2c00000, 0x00000000c2d00000|  0%| F|  |TAMS 0x00000000c2c00000, 0x00000000c2c00000| Untracked 
|  45|0x00000000c2d00000, 0x00000000c2d00000, 0x00000000c2e00000|  0%| F|  |TAMS 0x00000000c2d00000, 0x00000000c2d00000| Untracked 
|  46|0x00000000c2e00000, 0x00000000c2e00000, 0x00000000c2f00000|  0%| F|  |TAMS 0x00000000c2e00000, 0x00000000c2e00000| Untracked 
|  47|0x00000000c2f00000, 0x00000000c2f00000, 0x00000000c3000000|  0%| F|  |TAMS 0x00000000c2f00000, 0x00000000c2f00000| Untracked 
|  48|0x00000000c3000000, 0x00000000c3000000, 0x00000000c3100000|  0%| F|  |TAMS 0x00000000c3000000, 0x00000000c3000000| Untracked 
|  49|0x00000000c3100000, 0x00000000c3100000, 0x00000000c3200000|  0%| F|  |TAMS 0x00000000c3100000, 0x00000000c3100000| Untracked 
|  50|0x00000000c3200000, 0x00000000c3200000, 0x00000000c3300000|  0%| F|  |TAMS 0x00000000c3200000, 0x00000000c3200000| Untracked 
|  51|0x00000000c3300000, 0x00000000c3300000, 0x00000000c3400000|  0%| F|  |TAMS 0x00000000c3300000, 0x00000000c3300000| Untracked 
|  52|0x00000000c3400000, 0x00000000c3400000, 0x00000000c3500000|  0%| F|  |TAMS 0x00000000c3400000, 0x00000000c3400000| Untracked 
|  53|0x00000000c3500000, 0x00000000c3500000, 0x00000000c3600000|  0%| F|  |TAMS 0x00000000c3500000, 0x00000000c3500000| Untracked 
|  54|0x00000000c3600000, 0x00000000c3600000, 0x00000000c3700000|  0%| F|  |TAMS 0x00000000c3600000, 0x00000000c3600000| Untracked 
|  55|0x00000000c3700000, 0x00000000c3700000, 0x00000000c3800000|  0%| F|  |TAMS 0x00000000c3700000, 0x00000000c3700000| Untracked 
|  56|0x00000000c3800000, 0x00000000c3800000, 0x00000000c3900000|  0%| F|  |TAMS 0x00000000c3800000, 0x00000000c3800000| Untracked 
|  57|0x00000000c3900000, 0x00000000c3900000, 0x00000000c3a00000|  0%| F|  |TAMS 0x00000000c3900000, 0x00000000c3900000| Untracked 
|  58|0x00000000c3a00000, 0x00000000c3a00000, 0x00000000c3b00000|  0%| F|  |TAMS 0x00000000c3a00000, 0x00000000c3a00000| Untracked 
|  59|0x00000000c3b00000, 0x00000000c3b00000, 0x00000000c3c00000|  0%| F|  |TAMS 0x00000000c3b00000, 0x00000000c3b00000| Untracked 
|  60|0x00000000c3c00000, 0x00000000c3c00000, 0x00000000c3d00000|  0%| F|  |TAMS 0x00000000c3c00000, 0x00000000c3c00000| Untracked 
|  61|0x00000000c3d00000, 0x00000000c3d00000, 0x00000000c3e00000|  0%| F|  |TAMS 0x00000000c3d00000, 0x00000000c3d00000| Untracked 
|  62|0x00000000c3e00000, 0x00000000c3e00000, 0x00000000c3f00000|  0%| F|  |TAMS 0x00000000c3e00000, 0x00000000c3e00000| Untracked 
|  63|0x00000000c3f00000, 0x00000000c3f00000, 0x00000000c4000000|  0%| F|  |TAMS 0x00000000c3f00000, 0x00000000c3f00000| Untracked 
|  64|0x00000000c4000000, 0x00000000c4000000, 0x00000000c4100000|  0%| F|  |TAMS 0x00000000c4000000, 0x00000000c4000000| Untracked 
|  65|0x00000000c4100000, 0x00000000c4100000, 0x00000000c4200000|  0%| F|  |TAMS 0x00000000c4100000, 0x00000000c4100000| Untracked 
|  66|0x00000000c4200000, 0x00000000c4200000, 0x00000000c4300000|  0%| F|  |TAMS 0x00000000c4200000, 0x00000000c4200000| Untracked 
|  67|0x00000000c4300000, 0x00000000c4300000, 0x00000000c4400000|  0%| F|  |TAMS 0x00000000c4300000, 0x00000000c4300000| Untracked 
|  68|0x00000000c4400000, 0x00000000c4400000, 0x00000000c4500000|  0%| F|  |TAMS 0x00000000c4400000, 0x00000000c4400000| Untracked 
|  69|0x00000000c4500000, 0x00000000c4500000, 0x00000000c4600000|  0%| F|  |TAMS 0x00000000c4500000, 0x00000000c4500000| Untracked 
|  70|0x00000000c4600000, 0x00000000c4600000, 0x00000000c4700000|  0%| F|  |TAMS 0x00000000c4600000, 0x00000000c4600000| Untracked 
|  71|0x00000000c4700000, 0x00000000c4700000, 0x00000000c4800000|  0%| F|  |TAMS 0x00000000c4700000, 0x00000000c4700000| Untracked 
|  72|0x00000000c4800000, 0x00000000c4800000, 0x00000000c4900000|  0%| F|  |TAMS 0x00000000c4800000, 0x00000000c4800000| Untracked 
|  73|0x00000000c4900000, 0x00000000c4900000, 0x00000000c4a00000|  0%| F|  |TAMS 0x00000000c4900000, 0x00000000c4900000| Untracked 
|  74|0x00000000c4a00000, 0x00000000c4a00000, 0x00000000c4b00000|  0%| F|  |TAMS 0x00000000c4a00000, 0x00000000c4a00000| Untracked 
|  75|0x00000000c4b00000, 0x00000000c4b058a8, 0x00000000c4c00000|  2%| E|  |TAMS 0x00000000c4b00000, 0x00000000c4b00000| Complete 
|  76|0x00000000c4c00000, 0x00000000c4d00000, 0x00000000c4d00000|100%| O|  |TAMS 0x00000000c4d00000, 0x00000000c4c00000| Untracked 
|  77|0x00000000c4d00000, 0x00000000c4e00000, 0x00000000c4e00000|100%| O|  |TAMS 0x00000000c4e00000, 0x00000000c4d00000| Untracked 
|  78|0x00000000c4e00000, 0x00000000c4f00000, 0x00000000c4f00000|100%| O|  |TAMS 0x00000000c4f00000, 0x00000000c4e00000| Untracked 
|  79|0x00000000c4f00000, 0x00000000c4f00068, 0x00000000c5000000|  0%| O|  |TAMS 0x00000000c4f00000, 0x00000000c4f00000| Untracked 

Card table byte_map: [0x0000028a783e0000,0x0000028a785e0000] _byte_map_base: 0x0000028a77de0000

Marking Bits (Prev, Next): (CMBitMap*) 0x0000028a72496750, (CMBitMap*) 0x0000028a72496790
 Prev Bits: [0x0000028a787e0000, 0x0000028a797e0000)
 Next Bits: [0x0000028a797e0000, 0x0000028a7a7e0000)

Polling page: 0x0000028a71c10000

Metaspace:

Usage:
  Non-class:     51.27 MB used.
      Class:      7.32 MB used.
       Both:     58.59 MB used.

Virtual space:
  Non-class space:       64.00 MB reserved,      51.50 MB ( 80%) committed,  1 nodes.
      Class space:        1.00 GB reserved,       7.50 MB ( <1%) committed,  1 nodes.
             Both:        1.06 GB reserved,      59.00 MB (  5%) committed. 

Chunk freelists:
   Non-Class:  11.59 MB
       Class:  8.33 MB
        Both:  19.92 MB

MaxMetaspaceSize: unlimited
CompressedClassSpaceSize: 1.00 GB
Initial GC threshold: 21.00 MB
Current GC threshold: 98.25 MB
CDS: off
MetaspaceReclaimPolicy: balanced
 - commit_granule_bytes: 65536.
 - commit_granule_words: 8192.
 - virtual_space_node_default_size: 8388608.
 - enlarge_chunks_in_place: 1.
 - new_chunks_are_fully_committed: 0.
 - uncommit_free_chunks: 1.
 - use_allocation_guard: 0.
 - handle_deallocations: 1.


Internal statistics:

num_allocs_failed_limit: 8.
num_arena_births: 1234.
num_arena_deaths: 714.
num_vsnodes_births: 2.
num_vsnodes_deaths: 0.
num_space_committed: 946.
num_space_uncommitted: 2.
num_chunks_returned_to_freelist: 957.
num_chunks_taken_from_freelist: 3489.
num_chunk_merges: 239.
num_chunk_splits: 2002.
num_chunks_enlarged: 1372.
num_inconsistent_stats: 0.

CodeCache: size=49152Kb used=21144Kb max_used=21652Kb free=28007Kb
 bounds [0x0000028a750d0000, 0x0000028a76660000, 0x0000028a780d0000]
 total_blobs=11601 nmethods=10924 adapters=602
 compilation: enabled
              stopped_count=0, restarted_count=0
 full_count=0

Compilation events (20 events):
Event: 23451.224 Thread 0x0000028a7d290630 11046       1       com.google.gson.internal.bind.JsonTreeWriter::endObject (70 bytes)
Event: 23451.224 Thread 0x0000028a7d290630 nmethod 11046 0x0000028a7658bb10 code [0x0000028a7658bd00, 0x0000028a7658c048]
Event: 23451.224 Thread 0x0000028a7d290630 11047       1       com.google.gson.internal.bind.JsonTreeWriter::get (47 bytes)
Event: 23451.225 Thread 0x0000028a7d290630 nmethod 11047 0x0000028a7658b310 code [0x0000028a7658b520, 0x0000028a7658b938]
Event: 23452.032 Thread 0x0000028a7d290630 11048  s    1       java.lang.StringBuffer::charAt (6 bytes)
Event: 23452.032 Thread 0x0000028a7d290630 nmethod 11048 0x0000028a7658af10 code [0x0000028a7658b0a0, 0x0000028a7658b228]
Event: 23465.822 Thread 0x0000028a7d290630 11049       1       org.eclipse.jdt.internal.compiler.parser.Parser::initializeScanner (57 bytes)
Event: 23465.822 Thread 0x0000028a7d290630 nmethod 11049 0x0000028a7658aa90 code [0x0000028a7658ac40, 0x0000028a7658ae48]
Event: 23466.215 Thread 0x0000028a7d290630 11050       1       com.google.gson.internal.bind.JsonAdapterAnnotationTypeAdapterFactory::getTypeAdapter (226 bytes)
Event: 23466.217 Thread 0x0000028a7d290630 nmethod 11050 0x0000028a76589110 code [0x0000028a76589440, 0x0000028a7658a2c8]
Event: 23466.217 Thread 0x0000028a7d290630 11051   !   1       jdk.proxy2.$Proxy44::value (29 bytes)
Event: 23466.217 Thread 0x0000028a7d290630 nmethod 11051 0x0000028a76588c10 code [0x0000028a76588dc0, 0x0000028a76588fd8]
Event: 23466.217 Thread 0x0000028a7d290630 11052   !   1       jdk.proxy2.$Proxy44::nullSafe (32 bytes)
Event: 23466.217 Thread 0x0000028a7d290630 nmethod 11052 0x0000028a76588690 code [0x0000028a76588840, 0x0000028a76588a58]
Event: 23514.628 Thread 0x0000028a7d290630 11053       1       java.util.concurrent.SynchronousQueue$TransferStack$SNode::isCancelled (14 bytes)
Event: 23514.628 Thread 0x0000028a7d290630 nmethod 11053 0x0000028a76588390 code [0x0000028a76588520, 0x0000028a765885f8]
Event: 23522.196 Thread 0x0000028a7d290630 11054       1       org.eclipse.lsp4j.jsonrpc.json.adapters.EitherTypeAdapter$PropertyChecker::<init> (20 bytes)
Event: 23522.196 Thread 0x0000028a7d290630 nmethod 11054 0x0000028a76588010 code [0x0000028a765881a0, 0x0000028a765882f8]
Event: 23662.631 Thread 0x0000028a7d290630 11055       1       org.eclipse.jdt.internal.compiler.lookup.ParameterizedTypeBinding::signature (23 bytes)
Event: 23662.632 Thread 0x0000028a7d290630 nmethod 11055 0x0000028a76587c90 code [0x0000028a76587e20, 0x0000028a76587f68]

GC Heap History (20 events):
Event: 27596.873 GC heap before
{Heap before GC invocations=2213 (full 1945):
 garbage-first heap   total 81920K, used 31187K [0x00000000c0000000, 0x0000000100000000)
  region size 1024K, 1 young (1024K), 0 survivors (0K)
 Metaspace       used 60000K, committed 60416K, reserved 1114112K
  class space    used 7495K, committed 7680K, reserved 1048576K
}
Event: 27596.932 GC heap after
{Heap after GC invocations=2214 (full 1946):
 garbage-first heap   total 81920K, used 31187K [0x00000000c0000000, 0x0000000100000000)
  region size 1024K, 0 young (0K), 0 survivors (0K)
 Metaspace       used 60000K, committed 60416K, reserved 1114112K
  class space    used 7495K, committed 7680K, reserved 1048576K
}
Event: 27607.270 GC heap before
{Heap before GC invocations=2214 (full 1946):
 garbage-first heap   total 81920K, used 31187K [0x00000000c0000000, 0x0000000100000000)
  region size 1024K, 1 young (1024K), 0 survivors (0K)
 Metaspace       used 60000K, committed 60416K, reserved 1114112K
  class space    used 7495K, committed 7680K, reserved 1048576K
}
Event: 27607.322 GC heap after
{Heap after GC invocations=2215 (full 1947):
 garbage-first heap   total 81920K, used 31187K [0x00000000c0000000, 0x0000000100000000)
  region size 1024K, 0 young (0K), 0 survivors (0K)
 Metaspace       used 60000K, committed 60416K, reserved 1114112K
  class space    used 7495K, committed 7680K, reserved 1048576K
}
Event: 27617.647 GC heap before
{Heap before GC invocations=2215 (full 1947):
 garbage-first heap   total 81920K, used 31187K [0x00000000c0000000, 0x0000000100000000)
  region size 1024K, 1 young (1024K), 0 survivors (0K)
 Metaspace       used 60000K, committed 60416K, reserved 1114112K
  class space    used 7495K, committed 7680K, reserved 1048576K
}
Event: 27617.704 GC heap after
{Heap after GC invocations=2216 (full 1948):
 garbage-first heap   total 81920K, used 31187K [0x00000000c0000000, 0x0000000100000000)
  region size 1024K, 0 young (0K), 0 survivors (0K)
 Metaspace       used 60000K, committed 60416K, reserved 1114112K
  class space    used 7495K, committed 7680K, reserved 1048576K
}
Event: 27628.059 GC heap before
{Heap before GC invocations=2216 (full 1948):
 garbage-first heap   total 81920K, used 31187K [0x00000000c0000000, 0x0000000100000000)
  region size 1024K, 1 young (1024K), 0 survivors (0K)
 Metaspace       used 60000K, committed 60416K, reserved 1114112K
  class space    used 7495K, committed 7680K, reserved 1048576K
}
Event: 27628.111 GC heap after
{Heap after GC invocations=2217 (full 1949):
 garbage-first heap   total 81920K, used 31187K [0x00000000c0000000, 0x0000000100000000)
  region size 1024K, 0 young (0K), 0 survivors (0K)
 Metaspace       used 60000K, committed 60416K, reserved 1114112K
  class space    used 7495K, committed 7680K, reserved 1048576K
}
Event: 27638.512 GC heap before
{Heap before GC invocations=2217 (full 1949):
 garbage-first heap   total 81920K, used 31187K [0x00000000c0000000, 0x0000000100000000)
  region size 1024K, 1 young (1024K), 0 survivors (0K)
 Metaspace       used 60000K, committed 60416K, reserved 1114112K
  class space    used 7495K, committed 7680K, reserved 1048576K
}
Event: 27638.578 GC heap after
{Heap after GC invocations=2218 (full 1950):
 garbage-first heap   total 81920K, used 31187K [0x00000000c0000000, 0x0000000100000000)
  region size 1024K, 0 young (0K), 0 survivors (0K)
 Metaspace       used 60000K, committed 60416K, reserved 1114112K
  class space    used 7495K, committed 7680K, reserved 1048576K
}
Event: 27648.889 GC heap before
{Heap before GC invocations=2218 (full 1950):
 garbage-first heap   total 81920K, used 31187K [0x00000000c0000000, 0x0000000100000000)
  region size 1024K, 1 young (1024K), 0 survivors (0K)
 Metaspace       used 60000K, committed 60416K, reserved 1114112K
  class space    used 7495K, committed 7680K, reserved 1048576K
}
Event: 27648.947 GC heap after
{Heap after GC invocations=2219 (full 1951):
 garbage-first heap   total 81920K, used 31187K [0x00000000c0000000, 0x0000000100000000)
  region size 1024K, 0 young (0K), 0 survivors (0K)
 Metaspace       used 60000K, committed 60416K, reserved 1114112K
  class space    used 7495K, committed 7680K, reserved 1048576K
}
Event: 27659.393 GC heap before
{Heap before GC invocations=2219 (full 1951):
 garbage-first heap   total 81920K, used 31187K [0x00000000c0000000, 0x0000000100000000)
  region size 1024K, 1 young (1024K), 0 survivors (0K)
 Metaspace       used 60000K, committed 60416K, reserved 1114112K
  class space    used 7495K, committed 7680K, reserved 1048576K
}
Event: 27659.444 GC heap after
{Heap after GC invocations=2220 (full 1952):
 garbage-first heap   total 81920K, used 31187K [0x00000000c0000000, 0x0000000100000000)
  region size 1024K, 0 young (0K), 0 survivors (0K)
 Metaspace       used 60000K, committed 60416K, reserved 1114112K
  class space    used 7495K, committed 7680K, reserved 1048576K
}
Event: 27669.844 GC heap before
{Heap before GC invocations=2220 (full 1952):
 garbage-first heap   total 81920K, used 31187K [0x00000000c0000000, 0x0000000100000000)
  region size 1024K, 1 young (1024K), 0 survivors (0K)
 Metaspace       used 60000K, committed 60416K, reserved 1114112K
  class space    used 7495K, committed 7680K, reserved 1048576K
}
Event: 27669.907 GC heap after
{Heap after GC invocations=2221 (full 1953):
 garbage-first heap   total 81920K, used 31187K [0x00000000c0000000, 0x0000000100000000)
  region size 1024K, 0 young (0K), 0 survivors (0K)
 Metaspace       used 60000K, committed 60416K, reserved 1114112K
  class space    used 7495K, committed 7680K, reserved 1048576K
}
Event: 27680.394 GC heap before
{Heap before GC invocations=2221 (full 1953):
 garbage-first heap   total 81920K, used 31187K [0x00000000c0000000, 0x0000000100000000)
  region size 1024K, 1 young (1024K), 0 survivors (0K)
 Metaspace       used 60000K, committed 60416K, reserved 1114112K
  class space    used 7495K, committed 7680K, reserved 1048576K
}
Event: 27680.456 GC heap after
{Heap after GC invocations=2222 (full 1954):
 garbage-first heap   total 81920K, used 31187K [0x00000000c0000000, 0x0000000100000000)
  region size 1024K, 0 young (0K), 0 survivors (0K)
 Metaspace       used 60000K, committed 60416K, reserved 1114112K
  class space    used 7495K, committed 7680K, reserved 1048576K
}
Event: 27691.402 GC heap before
{Heap before GC invocations=2222 (full 1954):
 garbage-first heap   total 81920K, used 31187K [0x00000000c0000000, 0x0000000100000000)
  region size 1024K, 1 young (1024K), 0 survivors (0K)
 Metaspace       used 60000K, committed 60416K, reserved 1114112K
  class space    used 7495K, committed 7680K, reserved 1048576K
}
Event: 27691.475 GC heap after
{Heap after GC invocations=2223 (full 1955):
 garbage-first heap   total 81920K, used 31187K [0x00000000c0000000, 0x0000000100000000)
  region size 1024K, 0 young (0K), 0 survivors (0K)
 Metaspace       used 60000K, committed 60416K, reserved 1114112K
  class space    used 7495K, committed 7680K, reserved 1048576K
}

Dll operation events (9 events):
Event: 0.018 Loaded shared library c:\Users\benhi\.vscode\extensions\redhat.java-1.24.0-win32-x64\jre\17.0.8.1-win32-x86_64\bin\java.dll
Event: 0.706 Loaded shared library C:\Users\benhi\.vscode\extensions\redhat.java-1.24.0-win32-x64\jre\17.0.8.1-win32-x86_64\bin\net.dll
Event: 0.711 Loaded shared library C:\Users\benhi\.vscode\extensions\redhat.java-1.24.0-win32-x64\jre\17.0.8.1-win32-x86_64\bin\nio.dll
Event: 0.796 Loaded shared library C:\Users\benhi\.vscode\extensions\redhat.java-1.24.0-win32-x64\jre\17.0.8.1-win32-x86_64\bin\zip.dll
Event: 13.565 Loaded shared library C:\Users\benhi\.vscode\extensions\redhat.java-1.24.0-win32-x64\jre\17.0.8.1-win32-x86_64\bin\jimage.dll
Event: 21.841 Loaded shared library c:\Users\benhi\.vscode\extensions\redhat.java-1.24.0-win32-x64\jre\17.0.8.1-win32-x86_64\bin\verify.dll
Event: 22.481 Loaded shared library C:\Users\benhi\.vscode\extensions\redhat.java-1.24.0-win32-x64\jre\17.0.8.1-win32-x86_64\bin\management.dll
Event: 22.487 Loaded shared library C:\Users\benhi\.vscode\extensions\redhat.java-1.24.0-win32-x64\jre\17.0.8.1-win32-x86_64\bin\management_ext.dll
Event: 23.710 Loaded shared library C:\Users\benhi\.vscode\extensions\redhat.java-1.24.0-win32-x64\jre\17.0.8.1-win32-x86_64\bin\sunmscapi.dll

Deoptimization events (20 events):
Event: 13671.466 Thread 0x0000028a0be1c560 DEOPT PACKING pc=0x0000028a75fee251 sp=0x00000097ba0fdd70
Event: 13671.467 Thread 0x0000028a0be1c560 DEOPT UNPACKING pc=0x0000028a75127143 sp=0x00000097ba0fd258 mode 3
Event: 13713.835 Thread 0x0000028a0be1c560 DEOPT PACKING pc=0x0000028a76134298 sp=0x00000097ba0fe3e0
Event: 13713.835 Thread 0x0000028a0be1c560 DEOPT UNPACKING pc=0x0000028a75127143 sp=0x00000097ba0fd8d0 mode 3
Event: 13775.580 Thread 0x0000028a0be1c560 DEOPT PACKING pc=0x0000028a760d51b9 sp=0x00000097ba0fe010
Event: 13775.580 Thread 0x0000028a0be1c560 DEOPT UNPACKING pc=0x0000028a75127143 sp=0x00000097ba0fd4b0 mode 3
Event: 14096.999 Thread 0x0000028a0be16a40 DEOPT PACKING pc=0x0000028a760063bb sp=0x00000097bb0fe990
Event: 14096.999 Thread 0x0000028a0be16a40 DEOPT UNPACKING pc=0x0000028a75127143 sp=0x00000097bb0fde60 mode 3
Event: 14224.946 Thread 0x0000028a7ea84810 DEOPT PACKING pc=0x0000028a75f8457d sp=0x00000097bbbfd510
Event: 14224.991 Thread 0x0000028a7ea84810 DEOPT UNPACKING pc=0x0000028a75127143 sp=0x00000097bbbfca78 mode 3
Event: 18170.095 Thread 0x0000028a0be1b630 DEOPT PACKING pc=0x0000028a75bd2aa6 sp=0x00000097bb0fdab0
Event: 18170.097 Thread 0x0000028a0be1b630 DEOPT UNPACKING pc=0x0000028a75127143 sp=0x00000097bb0fd038 mode 0
Event: 19347.836 Thread 0x0000028a0be18db0 DEOPT PACKING pc=0x0000028a75be3f3c sp=0x00000097ba0fdcc0
Event: 19347.836 Thread 0x0000028a0be18db0 DEOPT UNPACKING pc=0x0000028a75127143 sp=0x00000097ba0fd1a8 mode 0
Event: 21963.839 Thread 0x0000028a0be19ce0 DEOPT PACKING pc=0x0000028a762cc440 sp=0x00000097bb0fe1e0
Event: 21963.839 Thread 0x0000028a0be19ce0 DEOPT UNPACKING pc=0x0000028a75127143 sp=0x00000097bb0fd820 mode 3
Event: 21982.980 Thread 0x0000028a0be19ce0 DEOPT PACKING pc=0x0000028a763df444 sp=0x00000097bb0fe400
Event: 21982.980 Thread 0x0000028a0be19ce0 DEOPT UNPACKING pc=0x0000028a75127143 sp=0x00000097bb0fd940 mode 3
Event: 23159.722 Thread 0x0000028a7ea824a0 DEOPT PACKING pc=0x0000028a765ae79d sp=0x00000097bc7fdfb0
Event: 23159.723 Thread 0x0000028a7ea824a0 DEOPT UNPACKING pc=0x0000028a75127143 sp=0x00000097bc7fd4e0 mode 3

Classes unloaded (20 events):
Event: 22157.626 Thread 0x0000028a7d24c0f0 Unloading class 0x00000001007a4800 'jdk/internal/reflect/GeneratedConstructorAccessor110'
Event: 22157.626 Thread 0x0000028a7d24c0f0 Unloading class 0x000000010008ac00 'jdk/internal/reflect/GeneratedMethodAccessor148'
Event: 22157.626 Thread 0x0000028a7d24c0f0 Unloading class 0x0000000100761c00 'jdk/internal/reflect/GeneratedConstructorAccessor109'
Event: 22157.626 Thread 0x0000028a7d24c0f0 Unloading class 0x000000010073a800 'jdk/internal/reflect/GeneratedMethodAccessor147'
Event: 22157.626 Thread 0x0000028a7d24c0f0 Unloading class 0x0000000100798400 'jdk/internal/reflect/GeneratedMethodAccessor146'
Event: 22157.626 Thread 0x0000028a7d24c0f0 Unloading class 0x0000000100799000 'jdk/internal/reflect/GeneratedMethodAccessor145'
Event: 23261.106 Thread 0x0000028a7d24c0f0 Unloading class 0x00000001007a4000 'jdk/internal/reflect/GeneratedMethodAccessor154'
Event: 23261.106 Thread 0x0000028a7d24c0f0 Unloading class 0x0000000100799000 'jdk/internal/reflect/GeneratedConstructorAccessor112'
Event: 23261.106 Thread 0x0000028a7d24c0f0 Unloading class 0x0000000100798400 'jdk/internal/reflect/GeneratedMethodAccessor153'
Event: 23261.106 Thread 0x0000028a7d24c0f0 Unloading class 0x000000010073a800 'jdk/internal/reflect/GeneratedConstructorAccessor111'
Event: 23261.106 Thread 0x0000028a7d24c0f0 Unloading class 0x0000000100761c00 'jdk/internal/reflect/GeneratedMethodAccessor152'
Event: 23261.106 Thread 0x0000028a7d24c0f0 Unloading class 0x000000010008ac00 'jdk/internal/reflect/GeneratedMethodAccessor151'
Event: 23261.106 Thread 0x0000028a7d24c0f0 Unloading class 0x00000001007a4800 'jdk/internal/reflect/GeneratedMethodAccessor150'
Event: 23579.881 Thread 0x0000028a7d24c0f0 Unloading class 0x00000001007a4800 'jdk/internal/reflect/GeneratedMethodAccessor160'
Event: 23579.881 Thread 0x0000028a7d24c0f0 Unloading class 0x000000010008ac00 'jdk/internal/reflect/GeneratedConstructorAccessor115'
Event: 23579.881 Thread 0x0000028a7d24c0f0 Unloading class 0x0000000100761c00 'jdk/internal/reflect/GeneratedMethodAccessor159'
Event: 23579.881 Thread 0x0000028a7d24c0f0 Unloading class 0x000000010073a800 'jdk/internal/reflect/GeneratedConstructorAccessor114'
Event: 23579.881 Thread 0x0000028a7d24c0f0 Unloading class 0x0000000100798400 'jdk/internal/reflect/GeneratedMethodAccessor158'
Event: 23579.881 Thread 0x0000028a7d24c0f0 Unloading class 0x0000000100799000 'jdk/internal/reflect/GeneratedMethodAccessor157'
Event: 23579.881 Thread 0x0000028a7d24c0f0 Unloading class 0x00000001007a4000 'jdk/internal/reflect/GeneratedMethodAccessor156'

Classes redefined (0 events):
No events

Internal exceptions (20 events):
Event: 14567.152 Thread 0x0000028a7ea84810 Exception <a 'sun/nio/fs/WindowsException'{0x00000000c48ff440}> (0x00000000c48ff440) 
thrown [s\src\hotspot\share\prims\jni.cpp, line 516]
Event: 14567.152 Thread 0x0000028a7ea84810 Exception <a 'sun/nio/fs/WindowsException'{0x00000000c48ffd98}> (0x00000000c48ffd98) 
thrown [s\src\hotspot\share\prims\jni.cpp, line 516]
Event: 14567.153 Thread 0x0000028a7ea84810 Exception <a 'sun/nio/fs/WindowsException'{0x00000000c4717000}> (0x00000000c4717000) 
thrown [s\src\hotspot\share\prims\jni.cpp, line 516]
Event: 14567.153 Thread 0x0000028a7ea84810 Exception <a 'sun/nio/fs/WindowsException'{0x00000000c4718070}> (0x00000000c4718070) 
thrown [s\src\hotspot\share\prims\jni.cpp, line 516]
Event: 14567.154 Thread 0x0000028a7ea84810 Exception <a 'sun/nio/fs/WindowsException'{0x00000000c4718570}> (0x00000000c4718570) 
thrown [s\src\hotspot\share\prims\jni.cpp, line 516]
Event: 21963.838 Thread 0x0000028a0be19ce0 Implicit null exception at 0x0000028a762cb2f7 to 0x0000028a762cc43b
Event: 21982.980 Thread 0x0000028a0be19ce0 Implicit null exception at 0x0000028a763df2b2 to 0x0000028a763df43f
Event: 23159.721 Thread 0x0000028a7ea824a0 Implicit null exception at 0x0000028a765ae3d1 to 0x0000028a765ae798
Event: 23452.025 Thread 0x0000028a0be16f50 NullPointerException in IC check 0x0000028a752f3b40
Event: 23452.025 Thread 0x0000028a0be16f50 Exception <a 'java/lang/NullPointerException'{0x00000000c4d11b10}> (0x00000000c4d11b10) 
thrown [s\src\hotspot\share\runtime\sharedRuntime.cpp, line 628]
Event: 23452.034 Thread 0x0000028a0be16f50 Implicit null exception at 0x0000028a75eb636d to 0x0000028a75eb6874
Event: 23452.034 Thread 0x0000028a0be16f50 Exception <a 'java/lang/NullPointerException'{0x00000000c4d2a748}> (0x00000000c4d2a748) 
thrown [s\src\hotspot\share\runtime\sharedRuntime.cpp, line 628]
Event: 23452.035 Thread 0x0000028a0be1c560 Implicit null exception at 0x0000028a762d7c55 to 0x0000028a762d7d19
Event: 23452.035 Thread 0x0000028a0be1c560 Exception <a 'java/lang/NullPointerException'{0x00000000c4d7d848}> (0x00000000c4d7d848) 
thrown [s\src\hotspot\share\runtime\sharedRuntime.cpp, line 628]
Event: 23452.707 Thread 0x0000028a0be1c560 Implicit null exception at 0x0000028a762d7c55 to 0x0000028a762d7d19
Event: 23452.707 Thread 0x0000028a0be1c560 Exception <a 'java/lang/NullPointerException'{0x00000000c4d820b8}> (0x00000000c4d820b8) 
thrown [s\src\hotspot\share\runtime\sharedRuntime.cpp, line 628]
Event: 23511.044 Thread 0x0000028a0be18db0 Implicit null exception at 0x0000028a762d7c55 to 0x0000028a762d7d19
Event: 23511.044 Thread 0x0000028a0be18db0 Exception <a 'java/lang/NullPointerException'{0x00000000c4f800e0}> (0x00000000c4f800e0) 
thrown [s\src\hotspot\share\runtime\sharedRuntime.cpp, line 628]
Event: 23511.418 Thread 0x0000028a0be18db0 Implicit null exception at 0x0000028a762d7c55 to 0x0000028a762d7d19
Event: 23511.418 Thread 0x0000028a0be18db0 Exception <a 'java/lang/NullPointerException'{0x00000000c4f86290}> (0x00000000c4f86290) 
thrown [s\src\hotspot\share\runtime\sharedRuntime.cpp, line 628]

VM Operations (20 events):
Event: 27596.932 Executing VM operation: G1CollectFull done
Event: 27607.270 Executing VM operation: G1CollectFull
Event: 27607.323 Executing VM operation: G1CollectFull done
Event: 27617.647 Executing VM operation: G1CollectFull
Event: 27617.704 Executing VM operation: G1CollectFull done
Event: 27628.059 Executing VM operation: G1CollectFull
Event: 27628.111 Executing VM operation: G1CollectFull done
Event: 27638.512 Executing VM operation: G1CollectFull
Event: 27638.578 Executing VM operation: G1CollectFull done
Event: 27648.888 Executing VM operation: G1CollectFull
Event: 27648.947 Executing VM operation: G1CollectFull done
Event: 27659.392 Executing VM operation: G1CollectFull
Event: 27659.444 Executing VM operation: G1CollectFull done
Event: 27669.843 Executing VM operation: G1CollectFull
Event: 27669.907 Executing VM operation: G1CollectFull done
Event: 27680.393 Executing VM operation: G1CollectFull
Event: 27680.456 Executing VM operation: G1CollectFull done
Event: 27691.402 Executing VM operation: G1CollectFull
Event: 27691.475 Executing VM operation: G1CollectFull done
Event: 27702.674 Executing VM operation: G1CollectFull

Events (20 events):
Event: 23366.066 Thread 0x0000028a7ec6bce0 Thread exited: 0x0000028a7ec6bce0
Event: 23420.547 Thread 0x0000028a0be1b630 Thread added: 0x0000028a0be1b630
Event: 23452.026 loading class java/lang/Throwable$WrappedPrintWriter
Event: 23452.027 loading class java/lang/Throwable$PrintStreamOrWriter
Event: 23452.027 loading class java/lang/Throwable$PrintStreamOrWriter done
Event: 23452.027 loading class java/lang/Throwable$WrappedPrintWriter done
Event: 23452.033 loading class java/text/MessageFormat$Field
Event: 23452.034 loading class java/text/MessageFormat$Field done
Event: 23454.544 Thread 0x0000028a0be18db0 Thread added: 0x0000028a0be18db0
Event: 23514.628 Thread 0x0000028a0be1c560 Thread exited: 0x0000028a0be1c560
Event: 23520.292 Thread 0x0000028a0be192c0 Thread added: 0x0000028a0be192c0
Event: 23577.360 Thread 0x0000028a0be1b630 Thread exited: 0x0000028a0be1b630
Event: 23580.330 Thread 0x0000028a0be18db0 Thread exited: 0x0000028a0be18db0
Event: 23581.136 Thread 0x0000028a0be16f50 Thread exited: 0x0000028a0be16f50
Event: 23581.136 Thread 0x0000028a0be192c0 Thread exited: 0x0000028a0be192c0
Event: 23583.731 Thread 0x0000028a0be18db0 Thread added: 0x0000028a0be18db0
Event: 23620.314 Thread 0x0000028a0be1cf80 Thread added: 0x0000028a0be1cf80
Event: 23683.952 Thread 0x0000028a0be1cf80 Thread exited: 0x0000028a0be1cf80
Event: 23725.557 Thread 0x0000028a0be1c050 Thread exited: 0x0000028a0be1c050
Event: 23725.558 Thread 0x0000028a0be18db0 Thread exited: 0x0000028a0be18db0


Dynamic libraries:
0x00007ff78cdf0000 - 0x00007ff78cdfe000 	c:\Users\benhi\.vscode\extensions\redhat.java-1.24.0-win32-x64\jre\17.0.8.1-win32-x86_64\bin\java.exe
0x00007ffa54550000 - 0x00007ffa54747000 	C:\WINDOWS\SYSTEM32\ntdll.dll
0x00007ffa21ed0000 - 0x00007ffa21ee9000 	C:\Program Files\Avast Software\Avast\aswhook.dll
0x00007ffa52610000 - 0x00007ffa526cd000 	C:\WINDOWS\System32\KERNEL32.DLL
0x00007ffa52030000 - 0x00007ffa52326000 	C:\WINDOWS\System32\KERNELBASE.dll
0x00007ffa51cd0000 - 0x00007ffa51dd0000 	C:\WINDOWS\System32\ucrtbase.dll
0x00007ffa382c0000 - 0x00007ffa382d7000 	c:\Users\benhi\.vscode\extensions\redhat.java-1.24.0-win32-x64\jre\17.0.8.1-win32-x86_64\bin\jli.dll
0x00007ffa382a0000 - 0x00007ffa382b9000 	c:\Users\benhi\.vscode\extensions\redhat.java-1.24.0-win32-x64\jre\17.0.8.1-win32-x86_64\bin\VCRUNTIME140.dll
0x00007ffa526d0000 - 0x00007ffa5286e000 	C:\WINDOWS\System32\USER32.dll
0x00007ffa52580000 - 0x00007ffa525a2000 	C:\WINDOWS\System32\win32u.dll
0x00007ffa38380000 - 0x00007ffa3861a000 	C:\WINDOWS\WinSxS\amd64_microsoft.windows.common-controls_6595b64144ccf1df_6.0.19041.3570_none_60bb2a3971f3e41a\COMCTL32.dll
0x00007ffa53d80000 - 0x00007ffa53dac000 	C:\WINDOWS\System32\GDI32.dll
0x00007ffa53ee0000 - 0x00007ffa53f7e000 	C:\WINDOWS\System32\msvcrt.dll
0x00007ffa51e60000 - 0x00007ffa51f7a000 	C:\WINDOWS\System32\gdi32full.dll
0x00007ffa51c30000 - 0x00007ffa51ccd000 	C:\WINDOWS\System32\msvcp_win.dll
0x00007ffa54480000 - 0x00007ffa544b0000 	C:\WINDOWS\System32\IMM32.DLL
0x00007ffa4b3a0000 - 0x00007ffa4b3ac000 	c:\Users\benhi\.vscode\extensions\redhat.java-1.24.0-win32-x64\jre\17.0.8.1-win32-x86_64\bin\vcruntime140_1.dll
0x00007ffa30900000 - 0x00007ffa30991000 	c:\Users\benhi\.vscode\extensions\redhat.java-1.24.0-win32-x64\jre\17.0.8.1-win32-x86_64\bin\msvcp140.dll
0x00007ff9c7180000 - 0x00007ff9c7dcc000 	c:\Users\benhi\.vscode\extensions\redhat.java-1.24.0-win32-x64\jre\17.0.8.1-win32-x86_64\bin\server\jvm.dll
0x00007ffa540b0000 - 0x00007ffa5415e000 	C:\WINDOWS\System32\ADVAPI32.dll
0x00007ffa543e0000 - 0x00007ffa5447c000 	C:\WINDOWS\System32\sechost.dll
0x00007ffa53f80000 - 0x00007ffa540a6000 	C:\WINDOWS\System32\RPCRT4.dll
0x00007ffa36ed0000 - 0x00007ffa36ed9000 	C:\WINDOWS\SYSTEM32\WSOCK32.dll
0x00007ffa511b0000 - 0x00007ffa511fb000 	C:\WINDOWS\SYSTEM32\POWRPROF.dll
0x00007ffa477e0000 - 0x00007ffa47807000 	C:\WINDOWS\SYSTEM32\WINMM.dll
0x00007ffa53d10000 - 0x00007ffa53d7b000 	C:\WINDOWS\System32\WS2_32.dll
0x00007ffa4a1e0000 - 0x00007ffa4a1ea000 	C:\WINDOWS\SYSTEM32\VERSION.dll
0x00007ffa51020000 - 0x00007ffa51032000 	C:\WINDOWS\SYSTEM32\UMPDC.dll
0x00007ffa4f9b0000 - 0x00007ffa4f9c2000 	C:\WINDOWS\SYSTEM32\kernel.appcore.dll
0x00007ffa4adc0000 - 0x00007ffa4adca000 	c:\Users\benhi\.vscode\extensions\redhat.java-1.24.0-win32-x64\jre\17.0.8.1-win32-x86_64\bin\jimage.dll
0x00007ffa3c630000 - 0x00007ffa3c814000 	C:\WINDOWS\SYSTEM32\DBGHELP.DLL
0x00007ffa3e0e0000 - 0x00007ffa3e114000 	C:\WINDOWS\SYSTEM32\dbgcore.DLL
0x00007ffa51dd0000 - 0x00007ffa51e52000 	C:\WINDOWS\System32\bcryptPrimitives.dll
0x00007ffa38270000 - 0x00007ffa38295000 	c:\Users\benhi\.vscode\extensions\redhat.java-1.24.0-win32-x64\jre\17.0.8.1-win32-x86_64\bin\java.dll
0x00007ffa31320000 - 0x00007ffa31338000 	c:\Users\benhi\.vscode\extensions\redhat.java-1.24.0-win32-x64\jre\17.0.8.1-win32-x86_64\bin\zip.dll
0x00007ffa53510000 - 0x00007ffa53c54000 	C:\WINDOWS\System32\SHELL32.dll
0x00007ffa4fc90000 - 0x00007ffa5042b000 	C:\WINDOWS\SYSTEM32\windows.storage.dll
0x00007ffa53090000 - 0x00007ffa533e4000 	C:\WINDOWS\System32\combase.dll
0x00007ffa51670000 - 0x00007ffa5169d000 	C:\WINDOWS\SYSTEM32\Wldp.dll
0x00007ffa52870000 - 0x00007ffa5291d000 	C:\WINDOWS\System32\SHCORE.dll
0x00007ffa53010000 - 0x00007ffa53065000 	C:\WINDOWS\System32\shlwapi.dll
0x00007ffa51b60000 - 0x00007ffa51b85000 	C:\WINDOWS\SYSTEM32\profapi.dll
0x00007ffa30ae0000 - 0x00007ffa30af9000 	C:\Users\benhi\.vscode\extensions\redhat.java-1.24.0-win32-x64\jre\17.0.8.1-win32-x86_64\bin\net.dll
0x00007ffa4c590000 - 0x00007ffa4c69a000 	C:\WINDOWS\SYSTEM32\WINHTTP.dll
0x00007ffa513b0000 - 0x00007ffa5141a000 	C:\WINDOWS\system32\mswsock.dll
0x00007ffa307a0000 - 0x00007ffa307b5000 	C:\Users\benhi\.vscode\extensions\redhat.java-1.24.0-win32-x64\jre\17.0.8.1-win32-x86_64\bin\nio.dll
0x00007ffa515c0000 - 0x00007ffa515d8000 	C:\WINDOWS\SYSTEM32\CRYPTSP.dll
0x00007ffa50c30000 - 0x00007ffa50c64000 	C:\WINDOWS\system32\rsaenh.dll
0x00007ffa52550000 - 0x00007ffa52577000 	C:\WINDOWS\System32\bcrypt.dll
0x00007ffa51b20000 - 0x00007ffa51b4e000 	C:\WINDOWS\SYSTEM32\USERENV.dll
0x00007ffa515e0000 - 0x00007ffa515ec000 	C:\WINDOWS\SYSTEM32\CRYPTBASE.dll
0x00007ffa51040000 - 0x00007ffa5107b000 	C:\WINDOWS\SYSTEM32\IPHLPAPI.DLL
0x00007ffa54160000 - 0x00007ffa54168000 	C:\WINDOWS\System32\NSI.dll
0x00007ffa47a60000 - 0x00007ffa47a77000 	C:\WINDOWS\SYSTEM32\dhcpcsvc6.DLL
0x00007ffa47a40000 - 0x00007ffa47a5d000 	C:\WINDOWS\SYSTEM32\dhcpcsvc.DLL
0x00007ffa51090000 - 0x00007ffa5115a000 	C:\WINDOWS\SYSTEM32\DNSAPI.dll
0x00007ffa48eb0000 - 0x00007ffa48ec0000 	c:\Users\benhi\.vscode\extensions\redhat.java-1.24.0-win32-x64\jre\17.0.8.1-win32-x86_64\bin\verify.dll
0x00007ffa48e50000 - 0x00007ffa48e59000 	C:\Users\benhi\.vscode\extensions\redhat.java-1.24.0-win32-x64\jre\17.0.8.1-win32-x86_64\bin\management.dll
0x00007ffa48d60000 - 0x00007ffa48d6b000 	C:\Users\benhi\.vscode\extensions\redhat.java-1.24.0-win32-x64\jre\17.0.8.1-win32-x86_64\bin\management_ext.dll
0x00007ffa53c70000 - 0x00007ffa53c78000 	C:\WINDOWS\System32\PSAPI.DLL
0x00007ffa46020000 - 0x00007ffa4602e000 	C:\Users\benhi\.vscode\extensions\redhat.java-1.24.0-win32-x64\jre\17.0.8.1-win32-x86_64\bin\sunmscapi.dll
0x00007ffa523a0000 - 0x00007ffa524fd000 	C:\WINDOWS\System32\CRYPT32.dll
0x00007ffa516e0000 - 0x00007ffa51707000 	C:\WINDOWS\SYSTEM32\ncrypt.dll
0x00007ffa516a0000 - 0x00007ffa516db000 	C:\WINDOWS\SYSTEM32\NTASN1.dll
0x00007ffa4aa30000 - 0x00007ffa4aa3a000 	C:\Windows\System32\rasadhlp.dll
0x00007ffa45940000 - 0x00007ffa459c2000 	C:\WINDOWS\System32\fwpuclnt.dll

dbghelp: loaded successfully - version: 4.0.5 - missing functions: none
symbol engine: initialized successfully - sym options: 0x614 - pdb path: .;c:\Users\benhi\.vscode\extensions\redhat.java-1.24.0-win32-x64\jre\17.0.8.1-win32-x86_64\bin;C:\WINDOWS\SYSTEM32;C:\Program Files\Avast Software\Avast;C:\WINDOWS\WinSxS\amd64_microsoft.windows.common-controls_6595b64144ccf1df_6.0.19041.3570_none_60bb2a3971f3e41a;c:\Users\benhi\.vscode\extensions\redhat.java-1.24.0-win32-x64\jre\17.0.8.1-win32-x86_64\bin\server

VM Arguments:
jvm_args: -XX:+HeapDumpOnOutOfMemoryError -Xmx1024m -Dsts.lsp.client=vscode -Dsts.log.file=/dev/null -XX:TieredStopAtLevel=1 -Xlog:jni+resolve=off -Dspring.config.location=file:c:\Users\benhi\.vscode\extensions\vmware.vscode-spring-boot-1.50.0\language-server\BOOT-INF\classes\application.properties 
java_command: org.springframework.ide.vscode.boot.app.BootLanguageServerBootApp
java_class_path (initial): c:\Users\benhi\.vscode\extensions\vmware.vscode-spring-boot-1.50.0\language-server\BOOT-INF\classes;c:\Users\benhi\.vscode\extensions\vmware.vscode-spring-boot-1.50.0\language-server\BOOT-INF\lib\annotations-24.0.1.jar;c:\Users\benhi\.vscode\extensions\vmware.vscode-spring-boot-1.50.0\language-server\BOOT-INF\lib\antlr-runtime-3.5.3.jar;c:\Users\benhi\.vscode\extensions\vmware.vscode-spring-boot-1.50.0\language-server\BOOT-INF\lib\antlr4-4.11.1.jar;c:\Users\benhi\.vscode\extensions\vmware.vscode-spring-boot-1.50.0\language-server\BOOT-INF\lib\antlr4-runtime-4.11.1.jar;c:\Users\benhi\.vscode\extensions\vmware.vscode-spring-boot-1.50.0\language-server\BOOT-INF\lib\archunit-1.1.0.jar;c:\Users\benhi\.vscode\extensions\vmware.vscode-spring-boot-1.50.0\language-server\BOOT-INF\lib\asm-9.5.jar;c:\Users\benhi\.vscode\extensions\vmware.vscode-spring-boot-1.50.0\language-server\BOOT-INF\lib\asm-analysis-9.5.jar;c:\Users\benhi\.vscode\extensions\vmware.vscode-spring-boot-1.50.0\language-server\BOOT-INF\lib\asm-tree-9.5.jar;c:\Users\benhi\.vscode\extensions\vmware.vscode-spring-boot-1.50.0\language-server\BOOT-INF\lib\asm-util-9.5.jar;c:\Users\benhi\.vscode\extensions\vmware.vscode-spring-boot-1.50.0\language-server\BOOT-INF\lib\bosh-language-server-1.50.0-SNAPSHOT.jar;c:\Users\benhi\.vscode\extensions\vmware.vscode-spring-boot-1.50.0\language-server\BOOT-INF\lib\caffeine-3.1.8.jar;c:\Users\benhi\.vscode\extensions\vmware.vscode-spring-boot-1.50.0\language-server\BOOT-INF\lib\checker-qual-3.12.0.jar;c:\Users\benhi\.vscode\extensions\vmware.vscode-spring-boot-1.50.0\language-server\BOOT-INF\lib\classgraph-4.8.149.jar;c:\Users\benhi\.vscode\extensions\vmware.vscode-spring-boot-1.50.0\language-server\BOOT-INF\lib\commons-codec-1.15.jar;c:\Users\benhi\.vscode\extensions\vmware.vscode-spring-boot-1.50.0\language-server\BOOT-INF\lib\commons-compress-1.24.0.jar;c:\Users\benhi\.vscode\extensions\vmware.vscode-spring-boot-1.50.0\language-server\BOOT-INF\lib\
Launcher Type: SUN_STANDARD

[Global flags]
     intx CICompilerCount                          = 4                                         {product} {ergonomic}
     uint ConcGCThreads                            = 2                                         {product} {ergonomic}
     uint G1ConcRefinementThreads                  = 8                                         {product} {ergonomic}
   size_t G1HeapRegionSize                         = 1048576                                   {product} {ergonomic}
    uintx GCDrainStackTargetSize                   = 64                                        {product} {ergonomic}
     bool HeapDumpOnOutOfMemoryError               = true                                   {manageable} {command line}
   size_t InitialHeapSize                          = 100663296                                 {product} {ergonomic}
   size_t MarkStackSize                            = 4194304                                   {product} {ergonomic}
   size_t MaxHeapSize                              = 1073741824                                {product} {command line}
   size_t MaxNewSize                               = 643825664                                 {product} {ergonomic}
   size_t MinHeapDeltaBytes                        = 1048576                                   {product} {ergonomic}
   size_t MinHeapSize                              = 8388608                                   {product} {ergonomic}
    uintx NonProfiledCodeHeapSize                  = 0                                      {pd product} {ergonomic}
     bool ProfileInterpreter                       = false                                  {pd product} {command line}
    uintx ProfiledCodeHeapSize                     = 0                                      {pd product} {ergonomic}
   size_t SoftMaxHeapSize                          = 1073741824                             {manageable} {ergonomic}
     intx TieredStopAtLevel                        = 1                                         {product} {command line}
     bool UseCompressedClassPointers               = true                           {product lp64_product} {ergonomic}
     bool UseCompressedOops                        = true                           {product lp64_product} {ergonomic}
     bool UseG1GC                                  = true                                      {product} {ergonomic}
     bool UseLargePagesIndividualAllocation        = false                                  {pd product} {ergonomic}

Logging:
Log output configuration:
 #0: stdout all=warning,jni+resolve=off uptime,level,tags
 #1: stderr all=off uptime,level,tags

Environment Variables:
PATH=C:\Program Files (x86)\VMware\VMware Workstation\bin\;C:\Program Files\Microsoft\jdk-11.0.16.101-hotspot\bin;C:\Program Files\Eclipse Adoptium\jdk-17.0.7.7-hotspot\bin;C:\WINDOWS\system32;C:\WINDOWS;C:\WINDOWS\System32\Wbem;C:\WINDOWS\System32\WindowsPowerShell\v1.0\;C:\WINDOWS\System32\OpenSSH\;C:\Program Files\dotnet\;C:\Program Files\Git\cmd;C:\src\flutter\bin;;C:\Program Files\NVIDIA Corporation\NVIDIA NvDLISR;C:\Program Files\nodejs\;C:\Program Files\Docker\Docker\resources\bin;C:\Users\benhi\AppData\Local\Programs\Python\Python311\Scripts\;C:\Users\benhi\AppData\Local\Programs\Python\Python311\;C:\Users\benhi\AppData\Local\Microsoft\WindowsApps;C:\Users\benhi\AppData\Local\Programs\Microsoft VS Code\bin;C:\Users\benhi\.dotnet\tools;C:\src\flutter\bin;C:\Program Files\JetBrains\PyCharm Community Edition 2023.1.1\bin;;C:\Program Files\Odoo 16.0.20230510\python;C:\Users\benhi\AppData\Roaming\npm
USERNAME=benhi
OS=Windows_NT
PROCESSOR_IDENTIFIER=AMD64 Family 23 Model 24 Stepping 1, AuthenticAMD
TMP=C:\Users\benhi\AppData\Local\Temp
TEMP=C:\Users\benhi\AppData\Local\Temp



---------------  S Y S T E M  ---------------

OS:
 Windows 10 , 64 bit Build 19041 (10.0.19041.3570)
OS uptime: 2 days 14:14 hours
Hyper-V role detected

CPU: total 8 (initial active 8) (8 cores per cpu, 2 threads per core) family 23 model 24 stepping 1 microcode 0x0, cx8, cmov, fxsr, ht, mmx, 3dnowpref, sse, sse2, sse3, ssse3, sse4a, sse4.1, sse4.2, popcnt, lzcnt, tsc, tscinvbit, avx, avx2, aes, clmul, bmi1, bmi2, adx, sha, fma, vzeroupper, clflush, clflushopt, hv
Processor Information for all 8 processors :
  Max Mhz: 2100, Current Mhz: 2100, Mhz Limit: 2100

Memory: 4k page, system-wide physical 6021M (146M free)
TotalPageFile size 24453M (AvailPageFile size 10M)
current process WorkingSet (physical memory assigned to process): 74M, peak: 310M
current process commit charge ("private bytes"): 264M, peak: 409M

vm_info: OpenJDK 64-Bit Server VM (17.0.8.1+1) for windows-amd64 JRE (17.0.8.1+1), built on Aug 23 2023 15:29:17 by "admin" with MS VC++ 16.7 (VS2019)

END.
