#
# There is insufficient memory for the Java Runtime Environment to continue.
# Native memory allocation (malloc) failed to allocate 1048576 bytes for AllocateHeap
# Possible reasons:
#   The system is out of physical RAM or swap space
#   The process is running with CompressedOops enabled, and the Java Heap may be blocking the growth of the native heap
# Possible solutions:
#   Reduce memory load on the system
#   Increase physical memory or swap space
#   Check if swap backing store is full
#   Decrease Java heap size (-Xmx/-Xms)
#   Decrease number of Java threads
#   Decrease Java thread stack sizes (-Xss)
#   Set larger code cache with -XX:ReservedCodeCacheSize=
#   JVM is running with Unscaled Compressed Oops mode in which the Java heap is
#     placed in the first 4GB address space. The Java Heap base address is the
#     maximum limit for the native heap growth. Please use -XX:HeapBaseMinAddress
#     to set the Java Heap base and to place the Java Heap above 4GB virtual address.
# This output file may be truncated or incomplete.
#
#  Out of Memory Error (allocation.cpp:44), pid=28500, tid=21196
#
# JRE version: OpenJDK Runtime Environment Temurin-17.0.8.1+1 (17.0.8.1+1) (build 17.0.8.1+1)
# Java VM: OpenJDK 64-Bit Server VM Temurin-17.0.8.1+1 (17.0.8.1+1, mixed mode, emulated-client, tiered, compressed oops, compressed class ptrs, g1 gc, windows-amd64)
# No core dump will be written. Minidumps are not enabled by default on client versions of Windows
#

---------------  S U M M A R Y ------------

Command Line: -XX:+HeapDumpOnOutOfMemoryError -Xmx1024m -Dsts.lsp.client=vscode -Dsts.log.file=/dev/null -XX:TieredStopAtLevel=1 -Xlog:jni+resolve=off -Dspring.config.location=file:c:\Users\benhi\.vscode\extensions\vmware.vscode-spring-boot-1.50.0\language-server\BOOT-INF\classes\application.properties org.springframework.ide.vscode.boot.app.BootLanguageServerBootApp

Host: AMD Ryzen 5 3550H with Radeon Vega Mobile Gfx  , 8 cores, 5G,  Windows 10 , 64 bit Build 19041 (10.0.19041.3570)
Time: Mon Nov 13 18:58:06 2023 Morocco Daylight Time elapsed time: 34294.057265 seconds (0d 9h 31m 34s)

---------------  T H R E A D  ---------------

Current thread (0x000001b530d2b3b0):  VMThread "VM Thread" [stack: 0x00000025f0300000,0x00000025f0400000] [id=21196]

Stack: [0x00000025f0300000,0x00000025f0400000]
Native frames: (J=compiled Java code, j=interpreted, Vv=VM code, C=native code)
V  [jvm.dll+0x678b0a]
V  [jvm.dll+0x835e84]
V  [jvm.dll+0x83762e]
V  [jvm.dll+0x837c93]
V  [jvm.dll+0x24746f]
V  [jvm.dll+0xa697b]
V  [jvm.dll+0x2f7eb3]
V  [jvm.dll+0x2f3b80]
V  [jvm.dll+0x2dc1c7]
V  [jvm.dll+0x31f227]
V  [jvm.dll+0x83c15b]
V  [jvm.dll+0x83ce94]
V  [jvm.dll+0x83d3ac]
V  [jvm.dll+0x83d784]
V  [jvm.dll+0x83d850]
V  [jvm.dll+0x7e64ca]
V  [jvm.dll+0x677955]
C  [ucrtbase.dll+0x21bb2]
C  [KERNEL32.DLL+0x17344]
C  [ntdll.dll+0x526b1]

VM_Operation (0x00000025f19feba0): G1CollectFull, mode: safepoint, requested by thread 0x000001b53674f790


---------------  P R O C E S S  ---------------

Threads class SMR info:
_java_thread_list=0x000001b536620b80, length=24, elements={
0x000001b530d3f730, 0x000001b530d405b0, 0x000001b530d8e960, 0x000001b5350056f0,
0x000001b5350090e0, 0x000001b5350099b0, 0x000001b53500a330, 0x000001b53500ac40,
0x000001b535224030, 0x000001b535226960, 0x000001b5366ac6e0, 0x000001b53674f790,
0x000001b5367c5840, 0x000001b525f89040, 0x000001b5363f0ff0, 0x000001b536843900,
0x000001b53655dfb0, 0x000001b53655d590, 0x000001b53655e4c0, 0x000001b535c005e0,
0x000001b535c05bf0, 0x000001b535c056e0, 0x000001b535c07540, 0x000001b535c03d90
}

Java Threads: ( => current thread )
  0x000001b530d3f730 JavaThread "Reference Handler" daemon [_thread_blocked, id=15196, stack(0x00000025f0400000,0x00000025f0500000)]
  0x000001b530d405b0 JavaThread "Finalizer" daemon [_thread_blocked, id=26672, stack(0x00000025f0500000,0x00000025f0600000)]
  0x000001b530d8e960 JavaThread "Signal Dispatcher" daemon [_thread_blocked, id=26636, stack(0x00000025f0600000,0x00000025f0700000)]
  0x000001b5350056f0 JavaThread "Attach Listener" daemon [_thread_blocked, id=13908, stack(0x00000025f0700000,0x00000025f0800000)]
  0x000001b5350090e0 JavaThread "Service Thread" daemon [_thread_blocked, id=23976, stack(0x00000025f0800000,0x00000025f0900000)]
  0x000001b5350099b0 JavaThread "Monitor Deflation Thread" daemon [_thread_blocked, id=21368, stack(0x00000025f0900000,0x00000025f0a00000)]
  0x000001b53500a330 JavaThread "C1 CompilerThread0" daemon [_thread_blocked, id=16096, stack(0x00000025f0a00000,0x00000025f0b00000)]
  0x000001b53500ac40 JavaThread "Sweeper thread" daemon [_thread_blocked, id=2436, stack(0x00000025f0b00000,0x00000025f0c00000)]
  0x000001b535224030 JavaThread "Notification Thread" daemon [_thread_blocked, id=11396, stack(0x00000025f0d00000,0x00000025f0e00000)]
  0x000001b535226960 JavaThread "Common-Cleaner" daemon [_thread_blocked, id=13164, stack(0x00000025f0f00000,0x00000025f1000000)]
  0x000001b5366ac6e0 JavaThread "boundedElastic-evictor-1" daemon [_thread_blocked, id=15952, stack(0x00000025f1800000,0x00000025f1900000)]
  0x000001b53674f790 JavaThread "pool-11-thread-1" [_thread_blocked, id=2612, stack(0x00000025f1900000,0x00000025f1a00000)]
  0x000001b5367c5840 JavaThread "LanguageServerApp-lifecycle" [_thread_blocked, id=5856, stack(0x00000025f1a00000,0x00000025f1b00000)]
  0x000001b525f89040 JavaThread "DestroyJavaVM" [_thread_blocked, id=22140, stack(0x00000025efd00000,0x00000025efe00000)]
  0x000001b5363f0ff0 JavaThread "pool-12-thread-1" [_thread_in_native, id=12760, stack(0x00000025f1b00000,0x00000025f1c00000)]
  0x000001b536843900 JavaThread "Simple-Language-Server main thread" daemon [_thread_blocked, id=4200, stack(0x00000025f1c00000,0x00000025f1d00000)]
  0x000001b53655dfb0 JavaThread "pool-7-thread-1" [_thread_blocked, id=14148, stack(0x00000025f2000000,0x00000025f2100000)]
  0x000001b53655d590 JavaThread "parallel-1" daemon [_thread_blocked, id=6840, stack(0x00000025f2100000,0x00000025f2200000)]
  0x000001b53655e4c0 JavaThread "pool-5-thread-1" [_thread_blocked, id=19608, stack(0x00000025f2200000,0x00000025f2300000)]
  0x000001b535c005e0 JavaThread "parallel-2" daemon [_thread_blocked, id=2808, stack(0x00000025f2300000,0x00000025f2400000)]
  0x000001b535c05bf0 JavaThread "parallel-3" daemon [_thread_blocked, id=27136, stack(0x00000025f2400000,0x00000025f2500000)]
  0x000001b535c056e0 JavaThread "Reconciler-1" daemon [_thread_blocked, id=23008, stack(0x00000025f2500000,0x00000025f2600000)]
  0x000001b535c07540 JavaThread "parallel-4" daemon [_thread_blocked, id=22264, stack(0x00000025f2800000,0x00000025f2900000)]
  0x000001b535c03d90 JavaThread "parallel-5" daemon [_thread_blocked, id=11568, stack(0x00000025f2900000,0x00000025f2a00000)]

Other Threads:
=>0x000001b530d2b3b0 VMThread "VM Thread" [stack: 0x00000025f0300000,0x00000025f0400000] [id=21196]
  0x000001b535224510 WatcherThread [stack: 0x00000025f0e00000,0x00000025f0f00000] [id=15152]
  0x000001b525fc76b0 GCTaskThread "GC Thread#0" [stack: 0x00000025efe00000,0x00000025eff00000] [id=11232]
  0x000001b535c627e0 GCTaskThread "GC Thread#1" [stack: 0x00000025efb00000,0x00000025efc00000] [id=5008]
  0x000001b535389840 GCTaskThread "GC Thread#2" [stack: 0x00000025efc00000,0x00000025efd00000] [id=19676]
  0x000001b5351d46b0 GCTaskThread "GC Thread#3" [stack: 0x00000025f0c00000,0x00000025f0d00000] [id=12704]
  0x000001b535ea7880 GCTaskThread "GC Thread#4" [stack: 0x00000025f1000000,0x00000025f1100000] [id=26892]
  0x000001b535ea7b40 GCTaskThread "GC Thread#5" [stack: 0x00000025f1100000,0x00000025f1200000] [id=17416]
  0x000001b535ecc0b0 GCTaskThread "GC Thread#6" [stack: 0x00000025f1200000,0x00000025f1300000] [id=11560]
  0x000001b53618aca0 GCTaskThread "GC Thread#7" [stack: 0x00000025f1600000,0x00000025f1700000] [id=14580]
  0x000001b525fd0600 ConcurrentGCThread "G1 Main Marker" [stack: 0x00000025eff00000,0x00000025f0000000] [id=22736]
  0x000001b525fd1010 ConcurrentGCThread "G1 Conc#0" [stack: 0x00000025f0000000,0x00000025f0100000] [id=14900]
  0x000001b5360b24a0 ConcurrentGCThread "G1 Conc#1" [stack: 0x00000025f1700000,0x00000025f1800000] [id=15704]
  0x000001b530ba0090 ConcurrentGCThread "G1 Refine#0" [stack: 0x00000025f0100000,0x00000025f0200000] [id=14976]
  0x000001b530ba0ac0 ConcurrentGCThread "G1 Service" [stack: 0x00000025f0200000,0x00000025f0300000] [id=24616]

Threads with active compile tasks:

VM state: at safepoint (normal execution)

VM Mutex/Monitor currently owned by a thread:  ([mutex/lock_event])
[0x000001b523c9b060] Threads_lock - owner thread: 0x000001b530d2b3b0
[0x000001b523d5ea10] Heap_lock - owner thread: 0x000001b53674f790

Heap address: 0x00000000c0000000, size: 1024 MB, Compressed Oops mode: 32-bit

CDS archive(s) not mapped
Compressed class space mapped at: 0x0000000100000000-0x0000000140000000, reserved size: 1073741824
Narrow klass base: 0x0000000000000000, Narrow klass shift: 3, Narrow klass range: 0x140000000

GC Precious Log:
 CPUs: 8 total, 8 available
 Memory: 6021M
 Large Page Support: Disabled
 NUMA Support: Disabled
 Compressed Oops: Enabled (32-bit)
 Heap Region Size: 1M
 Heap Min Capacity: 8M
 Heap Initial Capacity: 96M
 Heap Max Capacity: 1G
 Pre-touch: Disabled
 Parallel Workers: 8
 Concurrent Workers: 2
 Concurrent Refinement Workers: 8
 Periodic GC: Disabled

Heap:
 garbage-first heap   total 76800K, used 28950K [0x00000000c0000000, 0x0000000100000000)
  region size 1024K, 1 young (1024K), 0 survivors (0K)
 Metaspace       used 56700K, committed 57408K, reserved 1114112K
  class space    used 6984K, committed 7296K, reserved 1048576K

Heap Regions: E=young(eden), S=young(survivor), O=old, HS=humongous(starts), HC=humongous(continues), CS=collection set, F=free, OA=open archive, CA=closed archive, TAMS=top-at-mark-start (previous, next)
|   0|0x00000000c0000000, 0x00000000c00ffff8, 0x00000000c0100000| 99%| O|  |TAMS 0x00000000c00ffff8, 0x00000000c0000000| Untracked 
|   1|0x00000000c0100000, 0x00000000c0200000, 0x00000000c0200000|100%| O|  |TAMS 0x00000000c0200000, 0x00000000c0100000| Untracked 
|   2|0x00000000c0200000, 0x00000000c02ffb08, 0x00000000c0300000| 99%| O|  |TAMS 0x00000000c02ffb08, 0x00000000c0200000| Untracked 
|   3|0x00000000c0300000, 0x00000000c0400000, 0x00000000c0400000|100%| O|  |TAMS 0x00000000c0400000, 0x00000000c0300000| Untracked 
|   4|0x00000000c0400000, 0x00000000c0500000, 0x00000000c0500000|100%| O|  |TAMS 0x00000000c0500000, 0x00000000c0400000| Untracked 
|   5|0x00000000c0500000, 0x00000000c0600000, 0x00000000c0600000|100%| O|  |TAMS 0x00000000c0600000, 0x00000000c0500000| Untracked 
|   6|0x00000000c0600000, 0x00000000c0700000, 0x00000000c0700000|100%| O|  |TAMS 0x00000000c0700000, 0x00000000c0600000| Untracked 
|   7|0x00000000c0700000, 0x00000000c07ffff0, 0x00000000c0800000| 99%| O|  |TAMS 0x00000000c07ffff0, 0x00000000c0700000| Untracked 
|   8|0x00000000c0800000, 0x00000000c08fffd0, 0x00000000c0900000| 99%| O|  |TAMS 0x00000000c08fffd0, 0x00000000c0800000| Untracked 
|   9|0x00000000c0900000, 0x00000000c0a00000, 0x00000000c0a00000|100%| O|  |TAMS 0x00000000c0a00000, 0x00000000c0900000| Untracked 
|  10|0x00000000c0a00000, 0x00000000c0affff8, 0x00000000c0b00000| 99%| O|  |TAMS 0x00000000c0affff8, 0x00000000c0a00000| Untracked 
|  11|0x00000000c0b00000, 0x00000000c0c00000, 0x00000000c0c00000|100%| O|  |TAMS 0x00000000c0c00000, 0x00000000c0b00000| Untracked 
|  12|0x00000000c0c00000, 0x00000000c0cffff0, 0x00000000c0d00000| 99%| O|  |TAMS 0x00000000c0cffff0, 0x00000000c0c00000| Untracked 
|  13|0x00000000c0d00000, 0x00000000c0dfffd8, 0x00000000c0e00000| 99%| O|  |TAMS 0x00000000c0dfffd8, 0x00000000c0d00000| Untracked 
|  14|0x00000000c0e00000, 0x00000000c0effff8, 0x00000000c0f00000| 99%| O|  |TAMS 0x00000000c0effff8, 0x00000000c0e00000| Untracked 
|  15|0x00000000c0f00000, 0x00000000c0ffc958, 0x00000000c1000000| 98%| O|  |TAMS 0x00000000c0ffc958, 0x00000000c0f00000| Untracked 
|  16|0x00000000c1000000, 0x00000000c10fffb8, 0x00000000c1100000| 99%| O|  |TAMS 0x00000000c10fffb8, 0x00000000c1000000| Untracked 
|  17|0x00000000c1100000, 0x00000000c11fffd8, 0x00000000c1200000| 99%| O|  |TAMS 0x00000000c11fffd8, 0x00000000c1100000| Untracked 
|  18|0x00000000c1200000, 0x00000000c12fffd8, 0x00000000c1300000| 99%| O|  |TAMS 0x00000000c12fffd8, 0x00000000c1200000| Untracked 
|  19|0x00000000c1300000, 0x00000000c13fffe0, 0x00000000c1400000| 99%| O|  |TAMS 0x00000000c13fffe0, 0x00000000c1300000| Untracked 
|  20|0x00000000c1400000, 0x00000000c14fffd8, 0x00000000c1500000| 99%| O|  |TAMS 0x00000000c14fffd8, 0x00000000c1400000| Untracked 
|  21|0x00000000c1500000, 0x00000000c1600000, 0x00000000c1600000|100%|HS|  |TAMS 0x00000000c1600000, 0x00000000c1500000| Untracked 
|  22|0x00000000c1600000, 0x00000000c16fffd8, 0x00000000c1700000| 99%| O|  |TAMS 0x00000000c16fffd8, 0x00000000c1600000| Untracked 
|  23|0x00000000c1700000, 0x00000000c17ffff0, 0x00000000c1800000| 99%| O|  |TAMS 0x00000000c17ffff0, 0x00000000c1700000| Untracked 
|  24|0x00000000c1800000, 0x00000000c18fffe0, 0x00000000c1900000| 99%| O|  |TAMS 0x00000000c18fffe0, 0x00000000c1800000| Untracked 
|  25|0x00000000c1900000, 0x00000000c19fffa8, 0x00000000c1a00000| 99%| O|  |TAMS 0x00000000c19fffa8, 0x00000000c1900000| Untracked 
|  26|0x00000000c1a00000, 0x00000000c1affff8, 0x00000000c1b00000| 99%| O|  |TAMS 0x00000000c1affff8, 0x00000000c1a00000| Untracked 
|  27|0x00000000c1b00000, 0x00000000c1b498f8, 0x00000000c1c00000| 28%| O|  |TAMS 0x00000000c1b00000, 0x00000000c1b00000| Untracked 
|  28|0x00000000c1c00000, 0x00000000c1c00068, 0x00000000c1d00000|  0%| O|  |TAMS 0x00000000c1c00000, 0x00000000c1c00000| Untracked 
|  29|0x00000000c1d00000, 0x00000000c1d00000, 0x00000000c1e00000|  0%| F|  |TAMS 0x00000000c1d00000, 0x00000000c1d00000| Untracked 
|  30|0x00000000c1e00000, 0x00000000c1e00000, 0x00000000c1f00000|  0%| F|  |TAMS 0x00000000c1e00000, 0x00000000c1e00000| Untracked 
|  31|0x00000000c1f00000, 0x00000000c2000000, 0x00000000c2000000|100%| O|  |TAMS 0x00000000c2000000, 0x00000000c1f00000| Untracked 
|  32|0x00000000c2000000, 0x00000000c2000000, 0x00000000c2100000|  0%| F|  |TAMS 0x00000000c2000000, 0x00000000c2000000| Untracked 
|  33|0x00000000c2100000, 0x00000000c2100000, 0x00000000c2200000|  0%| F|  |TAMS 0x00000000c2100000, 0x00000000c2100000| Untracked 
|  34|0x00000000c2200000, 0x00000000c2200000, 0x00000000c2300000|  0%| F|  |TAMS 0x00000000c2200000, 0x00000000c2200000| Untracked 
|  35|0x00000000c2300000, 0x00000000c2300000, 0x00000000c2400000|  0%| F|  |TAMS 0x00000000c2300000, 0x00000000c2300000| Untracked 
|  36|0x00000000c2400000, 0x00000000c2400000, 0x00000000c2500000|  0%| F|  |TAMS 0x00000000c2400000, 0x00000000c2400000| Untracked 
|  37|0x00000000c2500000, 0x00000000c2500000, 0x00000000c2600000|  0%| F|  |TAMS 0x00000000c2500000, 0x00000000c2500000| Untracked 
|  38|0x00000000c2600000, 0x00000000c2600000, 0x00000000c2700000|  0%| F|  |TAMS 0x00000000c2600000, 0x00000000c2600000| Untracked 
|  39|0x00000000c2700000, 0x00000000c2700000, 0x00000000c2800000|  0%| F|  |TAMS 0x00000000c2700000, 0x00000000c2700000| Untracked 
|  40|0x00000000c2800000, 0x00000000c2800000, 0x00000000c2900000|  0%| F|  |TAMS 0x00000000c2800000, 0x00000000c2800000| Untracked 
|  41|0x00000000c2900000, 0x00000000c2900000, 0x00000000c2a00000|  0%| F|  |TAMS 0x00000000c2900000, 0x00000000c2900000| Untracked 
|  42|0x00000000c2a00000, 0x00000000c2a00000, 0x00000000c2b00000|  0%| F|  |TAMS 0x00000000c2a00000, 0x00000000c2a00000| Untracked 
|  43|0x00000000c2b00000, 0x00000000c2b00000, 0x00000000c2c00000|  0%| F|  |TAMS 0x00000000c2b00000, 0x00000000c2b00000| Untracked 
|  44|0x00000000c2c00000, 0x00000000c2c00000, 0x00000000c2d00000|  0%| F|  |TAMS 0x00000000c2c00000, 0x00000000c2c00000| Untracked 
|  45|0x00000000c2d00000, 0x00000000c2d00000, 0x00000000c2e00000|  0%| F|  |TAMS 0x00000000c2d00000, 0x00000000c2d00000| Untracked 
|  46|0x00000000c2e00000, 0x00000000c2e00000, 0x00000000c2f00000|  0%| F|  |TAMS 0x00000000c2e00000, 0x00000000c2e00000| Untracked 
|  47|0x00000000c2f00000, 0x00000000c2f00000, 0x00000000c3000000|  0%| F|  |TAMS 0x00000000c2f00000, 0x00000000c2f00000| Untracked 
|  48|0x00000000c3000000, 0x00000000c3000000, 0x00000000c3100000|  0%| F|  |TAMS 0x00000000c3000000, 0x00000000c3000000| Untracked 
|  49|0x00000000c3100000, 0x00000000c3100000, 0x00000000c3200000|  0%| F|  |TAMS 0x00000000c3100000, 0x00000000c3100000| Untracked 
|  50|0x00000000c3200000, 0x00000000c3200000, 0x00000000c3300000|  0%| F|  |TAMS 0x00000000c3200000, 0x00000000c3200000| Untracked 
|  51|0x00000000c3300000, 0x00000000c3300000, 0x00000000c3400000|  0%| F|  |TAMS 0x00000000c3300000, 0x00000000c3300000| Untracked 
|  52|0x00000000c3400000, 0x00000000c3400000, 0x00000000c3500000|  0%| F|  |TAMS 0x00000000c3400000, 0x00000000c3400000| Untracked 
|  53|0x00000000c3500000, 0x00000000c3500000, 0x00000000c3600000|  0%| F|  |TAMS 0x00000000c3500000, 0x00000000c3500000| Untracked 
|  54|0x00000000c3600000, 0x00000000c3600000, 0x00000000c3700000|  0%| F|  |TAMS 0x00000000c3600000, 0x00000000c3600000| Untracked 
|  55|0x00000000c3700000, 0x00000000c3700000, 0x00000000c3800000|  0%| F|  |TAMS 0x00000000c3700000, 0x00000000c3700000| Untracked 
|  56|0x00000000c3800000, 0x00000000c3800000, 0x00000000c3900000|  0%| F|  |TAMS 0x00000000c3800000, 0x00000000c3800000| Untracked 
|  57|0x00000000c3900000, 0x00000000c3900000, 0x00000000c3a00000|  0%| F|  |TAMS 0x00000000c3900000, 0x00000000c3900000| Untracked 
|  58|0x00000000c3a00000, 0x00000000c3a00000, 0x00000000c3b00000|  0%| F|  |TAMS 0x00000000c3a00000, 0x00000000c3a00000| Untracked 
|  59|0x00000000c3b00000, 0x00000000c3b00000, 0x00000000c3c00000|  0%| F|  |TAMS 0x00000000c3b00000, 0x00000000c3b00000| Untracked 
|  60|0x00000000c3c00000, 0x00000000c3c00000, 0x00000000c3d00000|  0%| F|  |TAMS 0x00000000c3c00000, 0x00000000c3c00000| Untracked 
|  61|0x00000000c3d00000, 0x00000000c3d00000, 0x00000000c3e00000|  0%| F|  |TAMS 0x00000000c3d00000, 0x00000000c3d00000| Untracked 
|  62|0x00000000c3e00000, 0x00000000c3e00000, 0x00000000c3f00000|  0%| F|  |TAMS 0x00000000c3e00000, 0x00000000c3e00000| Untracked 
|  63|0x00000000c3f00000, 0x00000000c3f00000, 0x00000000c4000000|  0%| F|  |TAMS 0x00000000c3f00000, 0x00000000c3f00000| Untracked 
|  64|0x00000000c4000000, 0x00000000c4000000, 0x00000000c4100000|  0%| F|  |TAMS 0x00000000c4000000, 0x00000000c4000000| Untracked 
|  65|0x00000000c4100000, 0x00000000c4100000, 0x00000000c4200000|  0%| F|  |TAMS 0x00000000c4100000, 0x00000000c4100000| Untracked 
|  66|0x00000000c4200000, 0x00000000c4200000, 0x00000000c4300000|  0%| F|  |TAMS 0x00000000c4200000, 0x00000000c4200000| Untracked 
|  67|0x00000000c4300000, 0x00000000c4300000, 0x00000000c4400000|  0%| F|  |TAMS 0x00000000c4300000, 0x00000000c4300000| Untracked 
|  68|0x00000000c4400000, 0x00000000c4400000, 0x00000000c4500000|  0%| F|  |TAMS 0x00000000c4400000, 0x00000000c4400000| Untracked 
|  69|0x00000000c4500000, 0x00000000c4500000, 0x00000000c4600000|  0%| F|  |TAMS 0x00000000c4500000, 0x00000000c4500000| Untracked 
|  70|0x00000000c4600000, 0x00000000c4600000, 0x00000000c4700000|  0%| F|  |TAMS 0x00000000c4600000, 0x00000000c4600000| Untracked 
|  71|0x00000000c4700000, 0x00000000c4700000, 0x00000000c4800000|  0%| F|  |TAMS 0x00000000c4700000, 0x00000000c4700000| Untracked 
|  72|0x00000000c4800000, 0x00000000c4800000, 0x00000000c4900000|  0%| F|  |TAMS 0x00000000c4800000, 0x00000000c4800000| Untracked 
|  73|0x00000000c4900000, 0x00000000c4900000, 0x00000000c4a00000|  0%| F|  |TAMS 0x00000000c4900000, 0x00000000c4900000| Untracked 
|  95|0x00000000c5f00000, 0x00000000c5f1cae8, 0x00000000c6000000| 11%| E|  |TAMS 0x00000000c5f00000, 0x00000000c5f00000| Complete 

Card table byte_map: [0x000001b52bf10000,0x000001b52c110000] _byte_map_base: 0x000001b52b910000

Marking Bits (Prev, Next): (CMBitMap*) 0x000001b525fc7cd0, (CMBitMap*) 0x000001b525fc7d10
 Prev Bits: [0x000001b52c310000, 0x000001b52d310000)
 Next Bits: [0x000001b52d310000, 0x000001b52e310000)

Polling page: 0x000001b523eb0000

Metaspace:

Usage:
  Non-class:     48.55 MB used.
      Class:      6.82 MB used.
       Both:     55.37 MB used.

Virtual space:
  Non-class space:       64.00 MB reserved,      48.94 MB ( 76%) committed,  1 nodes.
      Class space:        1.00 GB reserved,       7.12 MB ( <1%) committed,  1 nodes.
             Both:        1.06 GB reserved,      56.06 MB (  5%) committed. 

Chunk freelists:
   Non-Class:  15.09 MB
       Class:  8.82 MB
        Both:  23.91 MB

MaxMetaspaceSize: unlimited
CompressedClassSpaceSize: 1.00 GB
Initial GC threshold: 21.00 MB
Current GC threshold: 93.44 MB
CDS: off
MetaspaceReclaimPolicy: balanced
 - commit_granule_bytes: 65536.
 - commit_granule_words: 8192.
 - virtual_space_node_default_size: 8388608.
 - enlarge_chunks_in_place: 1.
 - new_chunks_are_fully_committed: 0.
 - uncommit_free_chunks: 1.
 - use_allocation_guard: 0.
 - handle_deallocations: 1.


Internal statistics:

num_allocs_failed_limit: 8.
num_arena_births: 620.
num_arena_deaths: 212.
num_vsnodes_births: 2.
num_vsnodes_deaths: 0.
num_space_committed: 897.
num_space_uncommitted: 0.
num_chunks_returned_to_freelist: 253.
num_chunks_taken_from_freelist: 2365.
num_chunk_merges: 86.
num_chunk_splits: 1687.
num_chunks_enlarged: 1283.
num_inconsistent_stats: 0.

CodeCache: size=49152Kb used=9412Kb max_used=10289Kb free=39739Kb
 bounds [0x000001b528c00000, 0x000001b529610000, 0x000001b52bc00000]
 total_blobs=5824 nmethods=5161 adapters=590
 compilation: enabled
              stopped_count=0, restarted_count=0
 full_count=0

Compilation events (20 events):
Event: 2835.048 Thread 0x000001b53500a330 5153       1       java.lang.ProcessImpl::lambda$new$0 (6 bytes)
Event: 2835.048 Thread 0x000001b53500a330 nmethod 5153 0x000001b528e2fc10 code [0x000001b528e2fda0, 0x000001b528e2fe68]
Event: 4113.724 Thread 0x000001b53500a330 5155   !   1       org.springframework.ide.vscode.commons.languageserver.util.ParentProcessWatcher::parentProcessStillRunning (413 bytes)
Event: 4113.813 Thread 0x000001b53500a330 nmethod 5155 0x000001b528e2a210 code [0x000001b528e2aa40, 0x000001b528e2dc08]
Event: 4144.680 Thread 0x000001b53500a330 5156   !   1       java.lang.ProcessImpl::<init> (327 bytes)
Event: 4144.720 Thread 0x000001b53500a330 nmethod 5156 0x000001b528e27290 code [0x000001b528e276e0, 0x000001b528e28a98]
Event: 4144.720 Thread 0x000001b53500a330 5159       1       java.lang.ProcessHandleImpl::getInternal (13 bytes)
Event: 4144.721 Thread 0x000001b53500a330 nmethod 5159 0x000001b528e26f10 code [0x000001b528e270a0, 0x000001b528e27208]
Event: 4144.721 Thread 0x000001b53500a330 5160       1       java.lang.ProcessImpl$2::<init> (20 bytes)
Event: 4144.721 Thread 0x000001b53500a330 nmethod 5160 0x000001b528e26b90 code [0x000001b528e26d20, 0x000001b528e26e98]
Event: 4144.721 Thread 0x000001b53500a330 5161       1       java.lang.ProcessImpl$2::run (5 bytes)
Event: 4144.721 Thread 0x000001b53500a330 nmethod 5161 0x000001b528e26890 code [0x000001b528e26a20, 0x000001b528e26b08]
Event: 4144.721 Thread 0x000001b53500a330 5162       1       java.lang.ProcessImpl$2::run (242 bytes)
Event: 4144.725 Thread 0x000001b53500a330 nmethod 5162 0x000001b528e25210 code [0x000001b528e254c0, 0x000001b528e26258]
Event: 4144.725 Thread 0x000001b53500a330 5163       1       java.io.BufferedOutputStream::<init> (9 bytes)
Event: 4144.725 Thread 0x000001b53500a330 nmethod 5163 0x000001b528e24c90 code [0x000001b528e24e20, 0x000001b528e250f8]
Event: 4144.725 Thread 0x000001b53500a330 5164       1       java.lang.ProcessImpl::waitFor (136 bytes)
Event: 4144.729 Thread 0x000001b53500a330 nmethod 5164 0x000001b528e24410 code [0x000001b528e24620, 0x000001b528e24a38]
Event: 4144.729 Thread 0x000001b53500a330 5157       1       java.lang.Process::<init> (5 bytes)
Event: 4144.729 Thread 0x000001b53500a330 nmethod 5157 0x000001b528e24110 code [0x000001b528e242a0, 0x000001b528e24358]

GC Heap History (20 events):
Event: 34187.219 GC heap before
{Heap before GC invocations=1811 (full 1795):
 garbage-first heap   total 76800K, used 28950K [0x00000000c0000000, 0x0000000100000000)
  region size 1024K, 1 young (1024K), 0 survivors (0K)
 Metaspace       used 56700K, committed 57408K, reserved 1114112K
  class space    used 6984K, committed 7296K, reserved 1048576K
}
Event: 34187.251 GC heap after
{Heap after GC invocations=1812 (full 1796):
 garbage-first heap   total 76800K, used 28950K [0x00000000c0000000, 0x0000000100000000)
  region size 1024K, 0 young (0K), 0 survivors (0K)
 Metaspace       used 56700K, committed 57408K, reserved 1114112K
  class space    used 6984K, committed 7296K, reserved 1048576K
}
Event: 34197.504 GC heap before
{Heap before GC invocations=1812 (full 1796):
 garbage-first heap   total 76800K, used 28950K [0x00000000c0000000, 0x0000000100000000)
  region size 1024K, 1 young (1024K), 0 survivors (0K)
 Metaspace       used 56700K, committed 57408K, reserved 1114112K
  class space    used 6984K, committed 7296K, reserved 1048576K
}
Event: 34197.534 GC heap after
{Heap after GC invocations=1813 (full 1797):
 garbage-first heap   total 76800K, used 28950K [0x00000000c0000000, 0x0000000100000000)
  region size 1024K, 0 young (0K), 0 survivors (0K)
 Metaspace       used 56700K, committed 57408K, reserved 1114112K
  class space    used 6984K, committed 7296K, reserved 1048576K
}
Event: 34207.786 GC heap before
{Heap before GC invocations=1813 (full 1797):
 garbage-first heap   total 76800K, used 28950K [0x00000000c0000000, 0x0000000100000000)
  region size 1024K, 1 young (1024K), 0 survivors (0K)
 Metaspace       used 56700K, committed 57408K, reserved 1114112K
  class space    used 6984K, committed 7296K, reserved 1048576K
}
Event: 34207.816 GC heap after
{Heap after GC invocations=1814 (full 1798):
 garbage-first heap   total 76800K, used 28950K [0x00000000c0000000, 0x0000000100000000)
  region size 1024K, 0 young (0K), 0 survivors (0K)
 Metaspace       used 56700K, committed 57408K, reserved 1114112K
  class space    used 6984K, committed 7296K, reserved 1048576K
}
Event: 34218.066 GC heap before
{Heap before GC invocations=1814 (full 1798):
 garbage-first heap   total 76800K, used 28950K [0x00000000c0000000, 0x0000000100000000)
  region size 1024K, 1 young (1024K), 0 survivors (0K)
 Metaspace       used 56700K, committed 57408K, reserved 1114112K
  class space    used 6984K, committed 7296K, reserved 1048576K
}
Event: 34218.093 GC heap after
{Heap after GC invocations=1815 (full 1799):
 garbage-first heap   total 76800K, used 28950K [0x00000000c0000000, 0x0000000100000000)
  region size 1024K, 0 young (0K), 0 survivors (0K)
 Metaspace       used 56700K, committed 57408K, reserved 1114112K
  class space    used 6984K, committed 7296K, reserved 1048576K
}
Event: 34228.362 GC heap before
{Heap before GC invocations=1815 (full 1799):
 garbage-first heap   total 76800K, used 28950K [0x00000000c0000000, 0x0000000100000000)
  region size 1024K, 1 young (1024K), 0 survivors (0K)
 Metaspace       used 56700K, committed 57408K, reserved 1114112K
  class space    used 6984K, committed 7296K, reserved 1048576K
}
Event: 34228.391 GC heap after
{Heap after GC invocations=1816 (full 1800):
 garbage-first heap   total 76800K, used 28950K [0x00000000c0000000, 0x0000000100000000)
  region size 1024K, 0 young (0K), 0 survivors (0K)
 Metaspace       used 56700K, committed 57408K, reserved 1114112K
  class space    used 6984K, committed 7296K, reserved 1048576K
}
Event: 34238.696 GC heap before
{Heap before GC invocations=1816 (full 1800):
 garbage-first heap   total 76800K, used 28950K [0x00000000c0000000, 0x0000000100000000)
  region size 1024K, 1 young (1024K), 0 survivors (0K)
 Metaspace       used 56700K, committed 57408K, reserved 1114112K
  class space    used 6984K, committed 7296K, reserved 1048576K
}
Event: 34238.736 GC heap after
{Heap after GC invocations=1817 (full 1801):
 garbage-first heap   total 76800K, used 28950K [0x00000000c0000000, 0x0000000100000000)
  region size 1024K, 0 young (0K), 0 survivors (0K)
 Metaspace       used 56700K, committed 57408K, reserved 1114112K
  class space    used 6984K, committed 7296K, reserved 1048576K
}
Event: 34249.009 GC heap before
{Heap before GC invocations=1817 (full 1801):
 garbage-first heap   total 76800K, used 28950K [0x00000000c0000000, 0x0000000100000000)
  region size 1024K, 1 young (1024K), 0 survivors (0K)
 Metaspace       used 56700K, committed 57408K, reserved 1114112K
  class space    used 6984K, committed 7296K, reserved 1048576K
}
Event: 34249.035 GC heap after
{Heap after GC invocations=1818 (full 1802):
 garbage-first heap   total 76800K, used 28950K [0x00000000c0000000, 0x0000000100000000)
  region size 1024K, 0 young (0K), 0 survivors (0K)
 Metaspace       used 56700K, committed 57408K, reserved 1114112K
  class space    used 6984K, committed 7296K, reserved 1048576K
}
Event: 34259.291 GC heap before
{Heap before GC invocations=1818 (full 1802):
 garbage-first heap   total 76800K, used 28950K [0x00000000c0000000, 0x0000000100000000)
  region size 1024K, 1 young (1024K), 0 survivors (0K)
 Metaspace       used 56700K, committed 57408K, reserved 1114112K
  class space    used 6984K, committed 7296K, reserved 1048576K
}
Event: 34259.324 GC heap after
{Heap after GC invocations=1819 (full 1803):
 garbage-first heap   total 76800K, used 28950K [0x00000000c0000000, 0x0000000100000000)
  region size 1024K, 0 young (0K), 0 survivors (0K)
 Metaspace       used 56700K, committed 57408K, reserved 1114112K
  class space    used 6984K, committed 7296K, reserved 1048576K
}
Event: 34269.593 GC heap before
{Heap before GC invocations=1819 (full 1803):
 garbage-first heap   total 76800K, used 28950K [0x00000000c0000000, 0x0000000100000000)
  region size 1024K, 1 young (1024K), 0 survivors (0K)
 Metaspace       used 56700K, committed 57408K, reserved 1114112K
  class space    used 6984K, committed 7296K, reserved 1048576K
}
Event: 34269.619 GC heap after
{Heap after GC invocations=1820 (full 1804):
 garbage-first heap   total 76800K, used 28950K [0x00000000c0000000, 0x0000000100000000)
  region size 1024K, 0 young (0K), 0 survivors (0K)
 Metaspace       used 56700K, committed 57408K, reserved 1114112K
  class space    used 6984K, committed 7296K, reserved 1048576K
}
Event: 34279.897 GC heap before
{Heap before GC invocations=1820 (full 1804):
 garbage-first heap   total 76800K, used 28950K [0x00000000c0000000, 0x0000000100000000)
  region size 1024K, 1 young (1024K), 0 survivors (0K)
 Metaspace       used 56700K, committed 57408K, reserved 1114112K
  class space    used 6984K, committed 7296K, reserved 1048576K
}
Event: 34279.927 GC heap after
{Heap after GC invocations=1821 (full 1805):
 garbage-first heap   total 76800K, used 28950K [0x00000000c0000000, 0x0000000100000000)
  region size 1024K, 0 young (0K), 0 survivors (0K)
 Metaspace       used 56700K, committed 57408K, reserved 1114112K
  class space    used 6984K, committed 7296K, reserved 1048576K
}

Dll operation events (9 events):
Event: 0.029 Loaded shared library c:\Users\benhi\.vscode\extensions\redhat.java-1.24.0-win32-x64\jre\17.0.8.1-win32-x86_64\bin\java.dll
Event: 2.484 Loaded shared library C:\Users\benhi\.vscode\extensions\redhat.java-1.24.0-win32-x64\jre\17.0.8.1-win32-x86_64\bin\net.dll
Event: 2.496 Loaded shared library C:\Users\benhi\.vscode\extensions\redhat.java-1.24.0-win32-x64\jre\17.0.8.1-win32-x86_64\bin\nio.dll
Event: 2.750 Loaded shared library C:\Users\benhi\.vscode\extensions\redhat.java-1.24.0-win32-x64\jre\17.0.8.1-win32-x86_64\bin\zip.dll
Event: 52.385 Loaded shared library C:\Users\benhi\.vscode\extensions\redhat.java-1.24.0-win32-x64\jre\17.0.8.1-win32-x86_64\bin\jimage.dll
Event: 71.214 Loaded shared library c:\Users\benhi\.vscode\extensions\redhat.java-1.24.0-win32-x64\jre\17.0.8.1-win32-x86_64\bin\verify.dll
Event: 72.374 Loaded shared library C:\Users\benhi\.vscode\extensions\redhat.java-1.24.0-win32-x64\jre\17.0.8.1-win32-x86_64\bin\management.dll
Event: 72.413 Loaded shared library C:\Users\benhi\.vscode\extensions\redhat.java-1.24.0-win32-x64\jre\17.0.8.1-win32-x86_64\bin\management_ext.dll
Event: 75.322 Loaded shared library C:\Users\benhi\.vscode\extensions\redhat.java-1.24.0-win32-x64\jre\17.0.8.1-win32-x86_64\bin\sunmscapi.dll

Deoptimization events (14 events):
Event: 68.406 Thread 0x000001b525f89040 DEOPT PACKING pc=0x000001b529207c19 sp=0x00000025efdfd720
Event: 68.406 Thread 0x000001b525f89040 DEOPT UNPACKING pc=0x000001b528c57143 sp=0x00000025efdfcc00 mode 3
Event: 69.261 Thread 0x000001b525f89040 DEOPT PACKING pc=0x000001b52927ff55 sp=0x00000025efdfed30
Event: 69.261 Thread 0x000001b525f89040 DEOPT UNPACKING pc=0x000001b528c57143 sp=0x00000025efdfe1d8 mode 3
Event: 73.108 Thread 0x000001b536843900 DEOPT PACKING pc=0x000001b529412635 sp=0x00000025f1cfd940
Event: 73.108 Thread 0x000001b536843900 DEOPT UNPACKING pc=0x000001b528c57143 sp=0x00000025f1cfce68 mode 3
Event: 73.325 Thread 0x000001b5363f0ff0 DEOPT PACKING pc=0x000001b5291b4381 sp=0x00000025f1bfd8c0
Event: 73.325 Thread 0x000001b5363f0ff0 DEOPT UNPACKING pc=0x000001b528c57143 sp=0x00000025f1bfcd50 mode 3
Event: 73.370 Thread 0x000001b536843900 DEOPT PACKING pc=0x000001b529192397 sp=0x00000025f1cfefb0
Event: 73.370 Thread 0x000001b536843900 DEOPT UNPACKING pc=0x000001b528c57143 sp=0x00000025f1cfe408 mode 3
Event: 75.540 Thread 0x000001b535c06b20 DEOPT PACKING pc=0x000001b528ea2e8c sp=0x00000025f2afb080
Event: 75.540 Thread 0x000001b535c06b20 DEOPT UNPACKING pc=0x000001b528c57143 sp=0x00000025f2afa548 mode 0
Event: 77.681 Thread 0x000001b535c047b0 DEOPT PACKING pc=0x000001b52956deee sp=0x00000025f15fd740
Event: 77.681 Thread 0x000001b535c047b0 DEOPT UNPACKING pc=0x000001b528c57143 sp=0x00000025f15fcc38 mode 3

Classes unloaded (20 events):
Event: 133.723 Thread 0x000001b530d2b3b0 Unloading class 0x00000001003a1400 'java/lang/invoke/LambdaForm$MH+0x00000001003a1400'
Event: 133.723 Thread 0x000001b530d2b3b0 Unloading class 0x00000001003a1000 'java/lang/invoke/LambdaForm$MH+0x00000001003a1000'
Event: 133.723 Thread 0x000001b530d2b3b0 Unloading class 0x0000000100096000 'java/lang/invoke/LambdaForm$MH+0x0000000100096000'
Event: 133.723 Thread 0x000001b530d2b3b0 Unloading class 0x0000000100095c00 'java/lang/invoke/LambdaForm$MH+0x0000000100095c00'
Event: 133.723 Thread 0x000001b530d2b3b0 Unloading class 0x0000000100095800 'java/lang/invoke/LambdaForm$MH+0x0000000100095800'
Event: 133.723 Thread 0x000001b530d2b3b0 Unloading class 0x0000000100095400 'java/lang/invoke/LambdaForm$MH+0x0000000100095400'
Event: 133.723 Thread 0x000001b530d2b3b0 Unloading class 0x0000000100095000 'java/lang/invoke/LambdaForm$MH+0x0000000100095000'
Event: 133.723 Thread 0x000001b530d2b3b0 Unloading class 0x0000000100094c00 'java/lang/invoke/LambdaForm$MH+0x0000000100094c00'
Event: 133.723 Thread 0x000001b530d2b3b0 Unloading class 0x0000000100094800 'java/lang/invoke/LambdaForm$MH+0x0000000100094800'
Event: 133.723 Thread 0x000001b530d2b3b0 Unloading class 0x0000000100094400 'java/lang/invoke/LambdaForm$MH+0x0000000100094400'
Event: 133.723 Thread 0x000001b530d2b3b0 Unloading class 0x000000010008e800 'java/lang/invoke/LambdaForm$MH+0x000000010008e800'
Event: 133.723 Thread 0x000001b530d2b3b0 Unloading class 0x000000010008e400 'java/lang/invoke/LambdaForm$MH+0x000000010008e400'
Event: 133.723 Thread 0x000001b530d2b3b0 Unloading class 0x000000010008e000 'java/lang/invoke/LambdaForm$MH+0x000000010008e000'
Event: 133.723 Thread 0x000001b530d2b3b0 Unloading class 0x000000010008dc00 'java/lang/invoke/LambdaForm$MH+0x000000010008dc00'
Event: 133.723 Thread 0x000001b530d2b3b0 Unloading class 0x000000010008d800 'java/lang/invoke/LambdaForm$MH+0x000000010008d800'
Event: 133.723 Thread 0x000001b530d2b3b0 Unloading class 0x000000010008d400 'java/lang/invoke/LambdaForm$MH+0x000000010008d400'
Event: 133.723 Thread 0x000001b530d2b3b0 Unloading class 0x000000010008cc00 'java/lang/invoke/LambdaForm$MH+0x000000010008cc00'
Event: 133.723 Thread 0x000001b530d2b3b0 Unloading class 0x000000010008c800 'java/lang/invoke/LambdaForm$MH+0x000000010008c800'
Event: 133.723 Thread 0x000001b530d2b3b0 Unloading class 0x000000010008c000 'java/lang/invoke/LambdaForm$MH+0x000000010008c000'
Event: 133.723 Thread 0x000001b530d2b3b0 Unloading class 0x000000010008bc00 'java/lang/invoke/LambdaForm$MH+0x000000010008bc00'

Classes redefined (0 events):
No events

Internal exceptions (20 events):
Event: 74.887 Thread 0x000001b53655e4c0 Exception <a 'sun/nio/fs/WindowsException'{0x00000000c3a6b1f0}> (0x00000000c3a6b1f0) 
thrown [s\src\hotspot\share\prims\jni.cpp, line 516]
Event: 74.889 Thread 0x000001b53655e4c0 Exception <a 'sun/nio/fs/WindowsException'{0x00000000c3aa2b18}> (0x00000000c3aa2b18) 
thrown [s\src\hotspot\share\prims\jni.cpp, line 516]
Event: 74.889 Thread 0x000001b53655e4c0 Exception <a 'sun/nio/fs/WindowsException'{0x00000000c3aa3738}> (0x00000000c3aa3738) 
thrown [s\src\hotspot\share\prims\jni.cpp, line 516]
Event: 74.890 Thread 0x000001b53655e4c0 Exception <a 'sun/nio/fs/WindowsException'{0x00000000c3aa4318}> (0x00000000c3aa4318) 
thrown [s\src\hotspot\share\prims\jni.cpp, line 516]
Event: 74.890 Thread 0x000001b53655e4c0 Exception <a 'sun/nio/fs/WindowsException'{0x00000000c3aa4f38}> (0x00000000c3aa4f38) 
thrown [s\src\hotspot\share\prims\jni.cpp, line 516]
Event: 74.890 Thread 0x000001b53655e4c0 Exception <a 'sun/nio/fs/WindowsException'{0x00000000c3aa5c20}> (0x00000000c3aa5c20) 
thrown [s\src\hotspot\share\prims\jni.cpp, line 516]
Event: 74.890 Thread 0x000001b53655e4c0 Exception <a 'sun/nio/fs/WindowsException'{0x00000000c3aa69a8}> (0x00000000c3aa69a8) 
thrown [s\src\hotspot\share\prims\jni.cpp, line 516]
Event: 75.087 Thread 0x000001b535c06b20 Exception <a 'java/lang/NoSuchMethodError'{0x00000000c34d6040}: 'java.lang.Object java.lang.invoke.DirectMethodHandle$Holder.invokeStatic(java.lang.Object, java.lang.Object, int, java.lang.Object)'> (0x00000000c34d6040) 
thrown [s\src\hotspot\share\interpreter\linkResolver.cpp, line 759]
Event: 75.088 Thread 0x000001b535c06b20 Exception <a 'java/lang/NoSuchMethodError'{0x00000000c34f3c58}: 'java.lang.Object java.lang.invoke.DirectMethodHandle$Holder.newInvokeSpecial(java.lang.Object, java.lang.Object, int)'> (0x00000000c34f3c58) 
thrown [s\src\hotspot\share\interpreter\linkResolver.cpp, line 759]
Event: 75.327 Thread 0x000001b535c02950 Exception <a 'java/lang/NoSuchMethodError'{0x00000000c2b12f98}: 'java.lang.Object java.lang.invoke.Invokers$Holder.invoke_MT(java.lang.Object, java.lang.Object, java.lang.Object)'> (0x00000000c2b12f98) 
thrown [s\src\hotspot\share\interpreter\linkResolver.cpp, line 759]
Event: 75.524 Thread 0x000001b535c06b20 Exception <a 'sun/nio/fs/WindowsException'{0x00000000c3ac90d8}> (0x00000000c3ac90d8) 
thrown [s\src\hotspot\share\prims\jni.cpp, line 516]
Event: 76.791 Thread 0x000001b535c02950 Exception <a 'java/lang/IncompatibleClassChangeError'{0x00000000c354f258}: Found class java.lang.Object, but interface was expected> (0x00000000c354f258) 
thrown [s\src\hotspot\share\interpreter\linkResolver.cpp, line 826]
Event: 76.980 Thread 0x000001b535c02950 Exception <a 'java/lang/NoSuchMethodError'{0x00000000c4834ac8}: 'int java.lang.invoke.DirectMethodHandle$Holder.invokeSpecialIFC(java.lang.Object, java.lang.Object, java.lang.Object)'> (0x00000000c4834ac8) 
thrown [s\src\hotspot\share\interpreter\linkResolver.cpp, line 759]
Event: 77.323 Thread 0x000001b535c02950 Exception <a 'java/lang/NoSuchMethodError'{0x00000000c4736298}: 'int java.lang.invoke.DirectMethodHandle$Holder.invokeStatic(java.lang.Object, int, java.lang.Object)'> (0x00000000c4736298) 
thrown [s\src\hotspot\share\interpreter\linkResolver.cpp, line 759]
Event: 77.681 Thread 0x000001b535c047b0 Implicit null exception at 0x000001b52956dcc4 to 0x000001b52956dee9
Event: 112.356 Thread 0x000001b53674f790 Exception <a 'java/lang/NoSuchMethodError'{0x00000000c3762b80}: 'void java.lang.invoke.DirectMethodHandle$Holder.invokeStatic(java.lang.Object, long)'> (0x00000000c3762b80) 
thrown [s\src\hotspot\share\interpreter\linkResolver.cpp, line 759]
Event: 112.357 Thread 0x000001b53674f790 Exception <a 'java/lang/NoSuchMethodError'{0x00000000c3767f28}: 'java.lang.Object java.lang.invoke.DirectMethodHandle$Holder.newInvokeSpecial(java.lang.Object, long)'> (0x00000000c3767f28) 
thrown [s\src\hotspot\share\interpreter\linkResolver.cpp, line 759]
Event: 377.880 Thread 0x000001b535c01000 Exception <a 'java/io/IOException'{0x00000000c5f5cdd0}> (0x00000000c5f5cdd0) 
thrown [s\src\hotspot\share\prims\jni.cpp, line 516]
Event: 379.002 Thread 0x000001b535c06100 Exception <a 'java/io/IOException'{0x00000000c5f6a0a8}> (0x00000000c5f6a0a8) 
thrown [s\src\hotspot\share\prims\jni.cpp, line 516]
Event: 379.890 Thread 0x000001b535c07030 Exception <a 'java/io/IOException'{0x00000000c5f70570}> (0x00000000c5f70570) 
thrown [s\src\hotspot\share\prims\jni.cpp, line 516]

VM Operations (20 events):
Event: 34187.251 Executing VM operation: G1CollectFull done
Event: 34197.504 Executing VM operation: G1CollectFull
Event: 34197.534 Executing VM operation: G1CollectFull done
Event: 34207.786 Executing VM operation: G1CollectFull
Event: 34207.817 Executing VM operation: G1CollectFull done
Event: 34218.066 Executing VM operation: G1CollectFull
Event: 34218.093 Executing VM operation: G1CollectFull done
Event: 34228.362 Executing VM operation: G1CollectFull
Event: 34228.391 Executing VM operation: G1CollectFull done
Event: 34238.696 Executing VM operation: G1CollectFull
Event: 34238.736 Executing VM operation: G1CollectFull done
Event: 34249.008 Executing VM operation: G1CollectFull
Event: 34249.035 Executing VM operation: G1CollectFull done
Event: 34259.291 Executing VM operation: G1CollectFull
Event: 34259.324 Executing VM operation: G1CollectFull done
Event: 34269.593 Executing VM operation: G1CollectFull
Event: 34269.619 Executing VM operation: G1CollectFull done
Event: 34279.897 Executing VM operation: G1CollectFull
Event: 34279.927 Executing VM operation: G1CollectFull done
Event: 34294.041 Executing VM operation: G1CollectFull

Events (20 events):
Event: 377.876 loading class sun/nio/ch/SocketOptionRegistry$LazyInitialization done
Event: 377.876 loading class sun/nio/ch/OptionKey
Event: 377.876 loading class sun/nio/ch/OptionKey done
Event: 377.876 loading class sun/nio/ch/ExtendedSocketOption
Event: 377.876 loading class sun/nio/ch/ExtendedSocketOption done
Event: 377.876 loading class sun/nio/ch/ExtendedSocketOption$1
Event: 377.876 loading class sun/nio/ch/ExtendedSocketOption$1 done
Event: 377.876 loading class sun/security/ssl/Alert
Event: 377.877 loading class sun/security/ssl/Alert done
Event: 377.878 loading class sun/security/ssl/Alert$AlertConsumer
Event: 377.878 loading class sun/security/ssl/Alert$AlertConsumer done
Event: 377.878 loading class sun/security/ssl/Alert$Level
Event: 377.878 loading class sun/security/ssl/Alert$Level done
Event: 377.880 loading class sun/net/ConnectionResetException
Event: 377.880 loading class sun/net/ConnectionResetException done
Event: 437.894 Thread 0x000001b535c01a20 Thread exited: 0x000001b535c01a20
Event: 439.013 Thread 0x000001b535c06100 Thread exited: 0x000001b535c06100
Event: 439.014 Thread 0x000001b535c02440 Thread exited: 0x000001b535c02440
Event: 439.895 Thread 0x000001b535c07030 Thread exited: 0x000001b535c07030
Event: 439.895 Thread 0x000001b535c01000 Thread exited: 0x000001b535c01000


Dynamic libraries:
0x00007ff7a6510000 - 0x00007ff7a651e000 	c:\Users\benhi\.vscode\extensions\redhat.java-1.24.0-win32-x64\jre\17.0.8.1-win32-x86_64\bin\java.exe
0x00007ffa54550000 - 0x00007ffa54747000 	C:\WINDOWS\SYSTEM32\ntdll.dll
0x00007ffa21ed0000 - 0x00007ffa21ee9000 	C:\Program Files\Avast Software\Avast\aswhook.dll
0x00007ffa52610000 - 0x00007ffa526cd000 	C:\WINDOWS\System32\KERNEL32.DLL
0x00007ffa52030000 - 0x00007ffa52326000 	C:\WINDOWS\System32\KERNELBASE.dll
0x00007ffa51cd0000 - 0x00007ffa51dd0000 	C:\WINDOWS\System32\ucrtbase.dll
0x00007ffa4aab0000 - 0x00007ffa4aac9000 	c:\Users\benhi\.vscode\extensions\redhat.java-1.24.0-win32-x64\jre\17.0.8.1-win32-x86_64\bin\VCRUNTIME140.dll
0x00007ffa46150000 - 0x00007ffa46167000 	c:\Users\benhi\.vscode\extensions\redhat.java-1.24.0-win32-x64\jre\17.0.8.1-win32-x86_64\bin\jli.dll
0x00007ffa526d0000 - 0x00007ffa5286e000 	C:\WINDOWS\System32\USER32.dll
0x00007ffa38380000 - 0x00007ffa3861a000 	C:\WINDOWS\WinSxS\amd64_microsoft.windows.common-controls_6595b64144ccf1df_6.0.19041.3570_none_60bb2a3971f3e41a\COMCTL32.dll
0x00007ffa52580000 - 0x00007ffa525a2000 	C:\WINDOWS\System32\win32u.dll
0x00007ffa53ee0000 - 0x00007ffa53f7e000 	C:\WINDOWS\System32\msvcrt.dll
0x00007ffa53d80000 - 0x00007ffa53dac000 	C:\WINDOWS\System32\GDI32.dll
0x00007ffa51e60000 - 0x00007ffa51f7a000 	C:\WINDOWS\System32\gdi32full.dll
0x00007ffa51c30000 - 0x00007ffa51ccd000 	C:\WINDOWS\System32\msvcp_win.dll
0x00007ffa54480000 - 0x00007ffa544b0000 	C:\WINDOWS\System32\IMM32.DLL
0x00007ffa4d6b0000 - 0x00007ffa4d6bc000 	c:\Users\benhi\.vscode\extensions\redhat.java-1.24.0-win32-x64\jre\17.0.8.1-win32-x86_64\bin\vcruntime140_1.dll
0x00007ffa30ca0000 - 0x00007ffa30d31000 	c:\Users\benhi\.vscode\extensions\redhat.java-1.24.0-win32-x64\jre\17.0.8.1-win32-x86_64\bin\msvcp140.dll
0x00007ff9c5e50000 - 0x00007ff9c6a9c000 	c:\Users\benhi\.vscode\extensions\redhat.java-1.24.0-win32-x64\jre\17.0.8.1-win32-x86_64\bin\server\jvm.dll
0x00007ffa540b0000 - 0x00007ffa5415e000 	C:\WINDOWS\System32\ADVAPI32.dll
0x00007ffa543e0000 - 0x00007ffa5447c000 	C:\WINDOWS\System32\sechost.dll
0x00007ffa53f80000 - 0x00007ffa540a6000 	C:\WINDOWS\System32\RPCRT4.dll
0x00007ffa511b0000 - 0x00007ffa511fb000 	C:\WINDOWS\SYSTEM32\POWRPROF.dll
0x00007ffa477e0000 - 0x00007ffa47807000 	C:\WINDOWS\SYSTEM32\WINMM.dll
0x00007ffa36ed0000 - 0x00007ffa36ed9000 	C:\WINDOWS\SYSTEM32\WSOCK32.dll
0x00007ffa53d10000 - 0x00007ffa53d7b000 	C:\WINDOWS\System32\WS2_32.dll
0x00007ffa4a1e0000 - 0x00007ffa4a1ea000 	C:\WINDOWS\SYSTEM32\VERSION.dll
0x00007ffa51020000 - 0x00007ffa51032000 	C:\WINDOWS\SYSTEM32\UMPDC.dll
0x00007ffa4f9b0000 - 0x00007ffa4f9c2000 	C:\WINDOWS\SYSTEM32\kernel.appcore.dll
0x00007ffa4d630000 - 0x00007ffa4d63a000 	c:\Users\benhi\.vscode\extensions\redhat.java-1.24.0-win32-x64\jre\17.0.8.1-win32-x86_64\bin\jimage.dll
0x00007ffa3c630000 - 0x00007ffa3c814000 	C:\WINDOWS\SYSTEM32\DBGHELP.DLL
0x00007ffa3e0e0000 - 0x00007ffa3e114000 	C:\WINDOWS\SYSTEM32\dbgcore.DLL
0x00007ffa51dd0000 - 0x00007ffa51e52000 	C:\WINDOWS\System32\bcryptPrimitives.dll
0x00007ffa39f10000 - 0x00007ffa39f35000 	c:\Users\benhi\.vscode\extensions\redhat.java-1.24.0-win32-x64\jre\17.0.8.1-win32-x86_64\bin\java.dll
0x00007ffa3e6e0000 - 0x00007ffa3e6f8000 	c:\Users\benhi\.vscode\extensions\redhat.java-1.24.0-win32-x64\jre\17.0.8.1-win32-x86_64\bin\zip.dll
0x00007ffa53510000 - 0x00007ffa53c54000 	C:\WINDOWS\System32\SHELL32.dll
0x00007ffa4fc90000 - 0x00007ffa5042b000 	C:\WINDOWS\SYSTEM32\windows.storage.dll
0x00007ffa53090000 - 0x00007ffa533e4000 	C:\WINDOWS\System32\combase.dll
0x00007ffa51670000 - 0x00007ffa5169d000 	C:\WINDOWS\SYSTEM32\Wldp.dll
0x00007ffa52870000 - 0x00007ffa5291d000 	C:\WINDOWS\System32\SHCORE.dll
0x00007ffa53010000 - 0x00007ffa53065000 	C:\WINDOWS\System32\shlwapi.dll
0x00007ffa51b60000 - 0x00007ffa51b85000 	C:\WINDOWS\SYSTEM32\profapi.dll
0x00007ffa3c390000 - 0x00007ffa3c3a9000 	C:\Users\benhi\.vscode\extensions\redhat.java-1.24.0-win32-x64\jre\17.0.8.1-win32-x86_64\bin\net.dll
0x00007ffa4c590000 - 0x00007ffa4c69a000 	C:\WINDOWS\SYSTEM32\WINHTTP.dll
0x00007ffa513b0000 - 0x00007ffa5141a000 	C:\WINDOWS\system32\mswsock.dll
0x00007ffa3a180000 - 0x00007ffa3a195000 	C:\Users\benhi\.vscode\extensions\redhat.java-1.24.0-win32-x64\jre\17.0.8.1-win32-x86_64\bin\nio.dll
0x00007ffa515c0000 - 0x00007ffa515d8000 	C:\WINDOWS\SYSTEM32\CRYPTSP.dll
0x00007ffa50c30000 - 0x00007ffa50c64000 	C:\WINDOWS\system32\rsaenh.dll
0x00007ffa52550000 - 0x00007ffa52577000 	C:\WINDOWS\System32\bcrypt.dll
0x00007ffa51b20000 - 0x00007ffa51b4e000 	C:\WINDOWS\SYSTEM32\USERENV.dll
0x00007ffa515e0000 - 0x00007ffa515ec000 	C:\WINDOWS\SYSTEM32\CRYPTBASE.dll
0x00007ffa51040000 - 0x00007ffa5107b000 	C:\WINDOWS\SYSTEM32\IPHLPAPI.DLL
0x00007ffa54160000 - 0x00007ffa54168000 	C:\WINDOWS\System32\NSI.dll
0x00007ffa47a60000 - 0x00007ffa47a77000 	C:\WINDOWS\SYSTEM32\dhcpcsvc6.DLL
0x00007ffa47a40000 - 0x00007ffa47a5d000 	C:\WINDOWS\SYSTEM32\dhcpcsvc.DLL
0x00007ffa51090000 - 0x00007ffa5115a000 	C:\WINDOWS\SYSTEM32\DNSAPI.dll
0x00007ffa4a810000 - 0x00007ffa4a820000 	c:\Users\benhi\.vscode\extensions\redhat.java-1.24.0-win32-x64\jre\17.0.8.1-win32-x86_64\bin\verify.dll
0x00007ffa48ed0000 - 0x00007ffa48ed9000 	C:\Users\benhi\.vscode\extensions\redhat.java-1.24.0-win32-x64\jre\17.0.8.1-win32-x86_64\bin\management.dll
0x00007ffa48e50000 - 0x00007ffa48e5b000 	C:\Users\benhi\.vscode\extensions\redhat.java-1.24.0-win32-x64\jre\17.0.8.1-win32-x86_64\bin\management_ext.dll
0x00007ffa53c70000 - 0x00007ffa53c78000 	C:\WINDOWS\System32\PSAPI.DLL
0x00007ffa4d660000 - 0x00007ffa4d66e000 	C:\Users\benhi\.vscode\extensions\redhat.java-1.24.0-win32-x64\jre\17.0.8.1-win32-x86_64\bin\sunmscapi.dll
0x00007ffa523a0000 - 0x00007ffa524fd000 	C:\WINDOWS\System32\CRYPT32.dll
0x00007ffa516e0000 - 0x00007ffa51707000 	C:\WINDOWS\SYSTEM32\ncrypt.dll
0x00007ffa516a0000 - 0x00007ffa516db000 	C:\WINDOWS\SYSTEM32\NTASN1.dll
0x00007ffa4aa30000 - 0x00007ffa4aa3a000 	C:\Windows\System32\rasadhlp.dll
0x00007ffa45940000 - 0x00007ffa459c2000 	C:\WINDOWS\System32\fwpuclnt.dll

dbghelp: loaded successfully - version: 4.0.5 - missing functions: none
symbol engine: initialized successfully - sym options: 0x614 - pdb path: .;c:\Users\benhi\.vscode\extensions\redhat.java-1.24.0-win32-x64\jre\17.0.8.1-win32-x86_64\bin;C:\WINDOWS\SYSTEM32;C:\Program Files\Avast Software\Avast;C:\WINDOWS\WinSxS\amd64_microsoft.windows.common-controls_6595b64144ccf1df_6.0.19041.3570_none_60bb2a3971f3e41a;c:\Users\benhi\.vscode\extensions\redhat.java-1.24.0-win32-x64\jre\17.0.8.1-win32-x86_64\bin\server

VM Arguments:
jvm_args: -XX:+HeapDumpOnOutOfMemoryError -Xmx1024m -Dsts.lsp.client=vscode -Dsts.log.file=/dev/null -XX:TieredStopAtLevel=1 -Xlog:jni+resolve=off -Dspring.config.location=file:c:\Users\benhi\.vscode\extensions\vmware.vscode-spring-boot-1.50.0\language-server\BOOT-INF\classes\application.properties 
java_command: org.springframework.ide.vscode.boot.app.BootLanguageServerBootApp
java_class_path (initial): c:\Users\benhi\.vscode\extensions\vmware.vscode-spring-boot-1.50.0\language-server\BOOT-INF\classes;c:\Users\benhi\.vscode\extensions\vmware.vscode-spring-boot-1.50.0\language-server\BOOT-INF\lib\annotations-24.0.1.jar;c:\Users\benhi\.vscode\extensions\vmware.vscode-spring-boot-1.50.0\language-server\BOOT-INF\lib\antlr-runtime-3.5.3.jar;c:\Users\benhi\.vscode\extensions\vmware.vscode-spring-boot-1.50.0\language-server\BOOT-INF\lib\antlr4-4.11.1.jar;c:\Users\benhi\.vscode\extensions\vmware.vscode-spring-boot-1.50.0\language-server\BOOT-INF\lib\antlr4-runtime-4.11.1.jar;c:\Users\benhi\.vscode\extensions\vmware.vscode-spring-boot-1.50.0\language-server\BOOT-INF\lib\archunit-1.1.0.jar;c:\Users\benhi\.vscode\extensions\vmware.vscode-spring-boot-1.50.0\language-server\BOOT-INF\lib\asm-9.5.jar;c:\Users\benhi\.vscode\extensions\vmware.vscode-spring-boot-1.50.0\language-server\BOOT-INF\lib\asm-analysis-9.5.jar;c:\Users\benhi\.vscode\extensions\vmware.vscode-spring-boot-1.50.0\language-server\BOOT-INF\lib\asm-tree-9.5.jar;c:\Users\benhi\.vscode\extensions\vmware.vscode-spring-boot-1.50.0\language-server\BOOT-INF\lib\asm-util-9.5.jar;c:\Users\benhi\.vscode\extensions\vmware.vscode-spring-boot-1.50.0\language-server\BOOT-INF\lib\bosh-language-server-1.50.0-SNAPSHOT.jar;c:\Users\benhi\.vscode\extensions\vmware.vscode-spring-boot-1.50.0\language-server\BOOT-INF\lib\caffeine-3.1.8.jar;c:\Users\benhi\.vscode\extensions\vmware.vscode-spring-boot-1.50.0\language-server\BOOT-INF\lib\checker-qual-3.12.0.jar;c:\Users\benhi\.vscode\extensions\vmware.vscode-spring-boot-1.50.0\language-server\BOOT-INF\lib\classgraph-4.8.149.jar;c:\Users\benhi\.vscode\extensions\vmware.vscode-spring-boot-1.50.0\language-server\BOOT-INF\lib\commons-codec-1.15.jar;c:\Users\benhi\.vscode\extensions\vmware.vscode-spring-boot-1.50.0\language-server\BOOT-INF\lib\commons-compress-1.24.0.jar;c:\Users\benhi\.vscode\extensions\vmware.vscode-spring-boot-1.50.0\language-server\BOOT-INF\lib\
Launcher Type: SUN_STANDARD

[Global flags]
     intx CICompilerCount                          = 4                                         {product} {ergonomic}
     uint ConcGCThreads                            = 2                                         {product} {ergonomic}
     uint G1ConcRefinementThreads                  = 8                                         {product} {ergonomic}
   size_t G1HeapRegionSize                         = 1048576                                   {product} {ergonomic}
    uintx GCDrainStackTargetSize                   = 64                                        {product} {ergonomic}
     bool HeapDumpOnOutOfMemoryError               = true                                   {manageable} {command line}
   size_t InitialHeapSize                          = 100663296                                 {product} {ergonomic}
   size_t MarkStackSize                            = 4194304                                   {product} {ergonomic}
   size_t MaxHeapSize                              = 1073741824                                {product} {command line}
   size_t MaxNewSize                               = 643825664                                 {product} {ergonomic}
   size_t MinHeapDeltaBytes                        = 1048576                                   {product} {ergonomic}
   size_t MinHeapSize                              = 8388608                                   {product} {ergonomic}
    uintx NonProfiledCodeHeapSize                  = 0                                      {pd product} {ergonomic}
     bool ProfileInterpreter                       = false                                  {pd product} {command line}
    uintx ProfiledCodeHeapSize                     = 0                                      {pd product} {ergonomic}
   size_t SoftMaxHeapSize                          = 1073741824                             {manageable} {ergonomic}
     intx TieredStopAtLevel                        = 1                                         {product} {command line}
     bool UseCompressedClassPointers               = true                           {product lp64_product} {ergonomic}
     bool UseCompressedOops                        = true                           {product lp64_product} {ergonomic}
     bool UseG1GC                                  = true                                      {product} {ergonomic}
     bool UseLargePagesIndividualAllocation        = false                                  {pd product} {ergonomic}

Logging:
Log output configuration:
 #0: stdout all=warning,jni+resolve=off uptime,level,tags
 #1: stderr all=off uptime,level,tags

Environment Variables:
PATH=C:\Program Files (x86)\VMware\VMware Workstation\bin\;C:\Program Files\Microsoft\jdk-11.0.16.101-hotspot\bin;C:\Program Files\Eclipse Adoptium\jdk-17.0.7.7-hotspot\bin;C:\WINDOWS\system32;C:\WINDOWS;C:\WINDOWS\System32\Wbem;C:\WINDOWS\System32\WindowsPowerShell\v1.0\;C:\WINDOWS\System32\OpenSSH\;C:\Program Files\dotnet\;C:\Program Files\Git\cmd;C:\src\flutter\bin;;C:\Program Files\NVIDIA Corporation\NVIDIA NvDLISR;C:\Program Files\nodejs\;C:\Program Files\Docker\Docker\resources\bin;C:\Users\benhi\AppData\Local\Programs\Python\Python311\Scripts\;C:\Users\benhi\AppData\Local\Programs\Python\Python311\;C:\Users\benhi\AppData\Local\Microsoft\WindowsApps;C:\Users\benhi\AppData\Local\Programs\Microsoft VS Code\bin;C:\Users\benhi\.dotnet\tools;C:\Program Files\JetBrains\PyCharm Community Edition 2023.1.1\bin;C:\Program Files\Odoo 16.0.20230510\python;C:\Users\benhi\AppData\Roaming\npm
USERNAME=benhi
OS=Windows_NT
PROCESSOR_IDENTIFIER=AMD64 Family 23 Model 24 Stepping 1, AuthenticAMD
TMP=C:\Users\benhi\AppData\Local\Temp
TEMP=C:\Users\benhi\AppData\Local\Temp



---------------  S Y S T E M  ---------------

OS:
 Windows 10 , 64 bit Build 19041 (10.0.19041.3570)
OS uptime: 3 days 10:01 hours
Hyper-V role detected

CPU: total 8 (initial active 8) (8 cores per cpu, 2 threads per core) family 23 model 24 stepping 1 microcode 0x0, cx8, cmov, fxsr, ht, mmx, 3dnowpref, sse, sse2, sse3, ssse3, sse4a, sse4.1, sse4.2, popcnt, lzcnt, tsc, tscinvbit, avx, avx2, aes, clmul, bmi1, bmi2, adx, sha, fma, vzeroupper, clflush, clflushopt, hv
Processor Information for all 8 processors :
  Max Mhz: 2100, Current Mhz: 2100, Mhz Limit: 2100

Memory: 4k page, system-wide physical 6021M (224M free)
TotalPageFile size 24453M (AvailPageFile size 7M)
current process WorkingSet (physical memory assigned to process): 54M, peak: 202M
current process commit charge ("private bytes"): 239M, peak: 253M

vm_info: OpenJDK 64-Bit Server VM (17.0.8.1+1) for windows-amd64 JRE (17.0.8.1+1), built on Aug 23 2023 15:29:17 by "admin" with MS VC++ 16.7 (VS2019)

END.
